{"/Users/Eva/Sites/namesake.fyi/src/components/react/common/Autocomplete/Autocomplete.tsx": {"path":"/Users/Eva/Sites/namesake.fyi/src/components/react/common/Autocomplete/Autocomplete.tsx","statementMap":{"0":{"start":{"line":31,"column":19},"end":{"line":31,"column":null}},"1":{"start":{"line":33,"column":2},"end":{"line":43,"column":null}}},"fnMap":{"0":{"name":"Autocomplete","decl":{"start":{"line":22,"column":16},"end":{"line":22,"column":47}},"loc":{"start":{"line":30,"column":25},"end":{"line":45,"column":null}},"line":30}},"branchMap":{},"s":{"0":0,"1":0},"f":{"0":0},"b":{},"meta":{"lastBranch":0,"lastFunction":1,"lastStatement":2,"seen":{"f:22:16:22:47":0,"s:31:19:31:Infinity":0,"s:33:2:43:Infinity":1}}}
,"/Users/Eva/Sites/namesake.fyi/src/components/react/common/Banner/Banner.tsx": {"path":"/Users/Eva/Sites/namesake.fyi/src/components/react/common/Banner/Banner.tsx","statementMap":{"0":{"start":{"line":16,"column":22},"end":{"line":21,"column":null}},"1":{"start":{"line":29,"column":15},"end":{"line":29,"column":null}},"2":{"start":{"line":31,"column":4},"end":{"line":31,"column":null}},"3":{"start":{"line":33,"column":2},"end":{"line":39,"column":null}}},"fnMap":{"0":{"name":"Banner","decl":{"start":{"line":23,"column":16},"end":{"line":23,"column":23}},"loc":{"start":{"line":28,"column":16},"end":{"line":41,"column":null}},"line":28}},"branchMap":{"0":{"loc":{"start":{"line":26,"column":2},"end":{"line":26,"column":null}},"type":"default-arg","locations":[{"start":{"line":26,"column":12},"end":{"line":26,"column":null}}],"line":26},"1":{"loc":{"start":{"line":29,"column":15},"end":{"line":29,"column":null}},"type":"binary-expr","locations":[{"start":{"line":29,"column":15},"end":{"line":29,"column":23}},{"start":{"line":29,"column":23},"end":{"line":29,"column":null}}],"line":29},"2":{"loc":{"start":{"line":31,"column":4},"end":{"line":31,"column":null}},"type":"cond-expr","locations":[{"start":{"line":31,"column":51},"end":{"line":31,"column":61}},{"start":{"line":31,"column":61},"end":{"line":31,"column":null}}],"line":31},"3":{"loc":{"start":{"line":31,"column":4},"end":{"line":31,"column":51}},"type":"binary-expr","locations":[{"start":{"line":31,"column":4},"end":{"line":31,"column":27}},{"start":{"line":31,"column":27},"end":{"line":31,"column":51}}],"line":31}},"s":{"0":1,"1":0,"2":0,"3":0},"f":{"0":0},"b":{"0":[0],"1":[0,0],"2":[0,0],"3":[0,0]},"meta":{"lastBranch":4,"lastFunction":1,"lastStatement":4,"seen":{"s:16:22:21:Infinity":0,"f:23:16:23:23":0,"b:26:12:26:Infinity":0,"s:29:15:29:Infinity":1,"b:29:15:29:23:29:23:29:Infinity":1,"s:31:4:31:Infinity":2,"b:31:51:31:61:31:61:31:Infinity":2,"b:31:4:31:27:31:27:31:51":3,"s:33:2:39:Infinity":3}}}
,"/Users/Eva/Sites/namesake.fyi/src/components/react/common/Button/Button.tsx": {"path":"/Users/Eva/Sites/namesake.fyi/src/components/react/common/Button/Button.tsx","statementMap":{"0":{"start":{"line":26,"column":19},"end":{"line":26,"column":null}},"1":{"start":{"line":28,"column":2},"end":{"line":53,"column":null}},"2":{"start":{"line":36,"column":8},"end":{"line":51,"column":null}}},"fnMap":{"0":{"name":"Button","decl":{"start":{"line":18,"column":16},"end":{"line":18,"column":23}},"loc":{"start":{"line":25,"column":16},"end":{"line":55,"column":null}},"line":25},"1":{"name":"(anonymous_1)","decl":{"start":{"line":35,"column":42},"end":{"line":35,"column":43}},"loc":{"start":{"line":36,"column":8},"end":{"line":51,"column":null}},"line":36}},"branchMap":{"0":{"loc":{"start":{"line":19,"column":2},"end":{"line":19,"column":null}},"type":"default-arg","locations":[{"start":{"line":19,"column":12},"end":{"line":19,"column":null}}],"line":19},"1":{"loc":{"start":{"line":20,"column":2},"end":{"line":20,"column":null}},"type":"default-arg","locations":[{"start":{"line":20,"column":9},"end":{"line":20,"column":null}}],"line":20},"2":{"loc":{"start":{"line":26,"column":19},"end":{"line":26,"column":null}},"type":"cond-expr","locations":[{"start":{"line":26,"column":38},"end":{"line":26,"column":43}},{"start":{"line":26,"column":43},"end":{"line":26,"column":null}}],"line":26},"3":{"loc":{"start":{"line":37,"column":11},"end":{"line":38,"column":null}},"type":"binary-expr","locations":[{"start":{"line":37,"column":11},"end":{"line":37,"column":25}},{"start":{"line":37,"column":25},"end":{"line":37,"column":null}},{"start":{"line":38,"column":12},"end":{"line":38,"column":null}}],"line":37},"4":{"loc":{"start":{"line":40,"column":11},"end":{"line":45,"column":null}},"type":"binary-expr","locations":[{"start":{"line":40,"column":11},"end":{"line":40,"column":null}},{"start":{"line":41,"column":12},"end":{"line":45,"column":null}}],"line":40},"5":{"loc":{"start":{"line":43,"column":20},"end":{"line":43,"column":null}},"type":"cond-expr","locations":[{"start":{"line":43,"column":39},"end":{"line":43,"column":44}},{"start":{"line":43,"column":44},"end":{"line":43,"column":null}}],"line":43},"6":{"loc":{"start":{"line":48,"column":11},"end":{"line":49,"column":null}},"type":"binary-expr","locations":[{"start":{"line":48,"column":11},"end":{"line":48,"column":null}},{"start":{"line":49,"column":12},"end":{"line":49,"column":null}}],"line":48}},"s":{"0":63,"1":63,"2":104},"f":{"0":63,"1":104},"b":{"0":[63],"1":[63],"2":[32,31],"3":[104,102,62],"4":[104,2],"5":[0,2],"6":[104,27]},"meta":{"lastBranch":7,"lastFunction":2,"lastStatement":3,"seen":{"f:18:16:18:23":0,"b:19:12:19:Infinity":0,"b:20:9:20:Infinity":1,"s:26:19:26:Infinity":0,"b:26:38:26:43:26:43:26:Infinity":2,"s:28:2:53:Infinity":1,"f:35:42:35:43":1,"s:36:8:51:Infinity":2,"b:37:11:37:25:37:25:37:Infinity:38:12:38:Infinity":3,"b:40:11:40:Infinity:41:12:45:Infinity":4,"b:43:39:43:44:43:44:43:Infinity":5,"b:48:11:48:Infinity:49:12:49:Infinity":6}}}
,"/Users/Eva/Sites/namesake.fyi/src/components/react/common/Calendar/Calendar.tsx": {"path":"/Users/Eva/Sites/namesake.fyi/src/components/react/common/Calendar/Calendar.tsx","statementMap":{"0":{"start":{"line":25,"column":2},"end":{"line":38,"column":null}},"1":{"start":{"line":36,"column":31},"end":{"line":36,"column":60}},"2":{"start":{"line":43,"column":2},"end":{"line":43,"column":null}},"3":{"start":{"line":47,"column":2},"end":{"line":47,"column":null}}},"fnMap":{"0":{"name":"Calendar","decl":{"start":{"line":21,"column":16},"end":{"line":21,"column":46}},"loc":{"start":{"line":24,"column":21},"end":{"line":40,"column":null}},"line":24},"1":{"name":"(anonymous_1)","decl":{"start":{"line":36,"column":21},"end":{"line":36,"column":22}},"loc":{"start":{"line":36,"column":31},"end":{"line":36,"column":60}},"line":36},"2":{"name":"CalendarCell","decl":{"start":{"line":42,"column":16},"end":{"line":42,"column":29}},"loc":{"start":{"line":42,"column":55},"end":{"line":44,"column":null}},"line":42},"3":{"name":"CalendarGrid","decl":{"start":{"line":46,"column":16},"end":{"line":46,"column":29}},"loc":{"start":{"line":46,"column":55},"end":{"line":48,"column":null}},"line":46}},"branchMap":{"0":{"loc":{"start":{"line":37,"column":7},"end":{"line":37,"column":null}},"type":"binary-expr","locations":[{"start":{"line":37,"column":7},"end":{"line":37,"column":23}},{"start":{"line":37,"column":23},"end":{"line":37,"column":null}}],"line":37}},"s":{"0":0,"1":0,"2":0,"3":0},"f":{"0":0,"1":0,"2":0,"3":0},"b":{"0":[0,0]},"meta":{"lastBranch":1,"lastFunction":4,"lastStatement":4,"seen":{"f:21:16:21:46":0,"s:25:2:38:Infinity":0,"f:36:21:36:22":1,"s:36:31:36:60":1,"b:37:7:37:23:37:23:37:Infinity":0,"f:42:16:42:29":2,"s:43:2:43:Infinity":2,"f:46:16:46:29":3,"s:47:2:47:Infinity":3}}}
,"/Users/Eva/Sites/namesake.fyi/src/components/react/common/Checkbox/Checkbox.tsx": {"path":"/Users/Eva/Sites/namesake.fyi/src/components/react/common/Checkbox/Checkbox.tsx","statementMap":{"0":{"start":{"line":24,"column":2},"end":{"line":42,"column":null}},"1":{"start":{"line":27,"column":8},"end":{"line":40,"column":null}}},"fnMap":{"0":{"name":"Checkbox","decl":{"start":{"line":17,"column":16},"end":{"line":17,"column":25}},"loc":{"start":{"line":23,"column":18},"end":{"line":44,"column":null}},"line":23},"1":{"name":"(anonymous_1)","decl":{"start":{"line":26,"column":7},"end":{"line":26,"column":8}},"loc":{"start":{"line":27,"column":8},"end":{"line":40,"column":null}},"line":27}},"branchMap":{"0":{"loc":{"start":{"line":30,"column":15},"end":{"line":33,"column":null}},"type":"cond-expr","locations":[{"start":{"line":31,"column":16},"end":{"line":31,"column":null}},{"start":{"line":33,"column":16},"end":{"line":33,"column":null}}],"line":30},"1":{"loc":{"start":{"line":37,"column":11},"end":{"line":37,"column":null}},"type":"binary-expr","locations":[{"start":{"line":37,"column":11},"end":{"line":37,"column":20}},{"start":{"line":37,"column":11},"end":{"line":37,"column":null}}],"line":37},"2":{"loc":{"start":{"line":39,"column":11},"end":{"line":39,"column":null}},"type":"binary-expr","locations":[{"start":{"line":39,"column":11},"end":{"line":39,"column":27}},{"start":{"line":39,"column":27},"end":{"line":39,"column":null}}],"line":39}},"s":{"0":58,"1":81},"f":{"0":58,"1":81},"b":{"0":[0,81],"1":[81,70],"2":[81,0]},"meta":{"lastBranch":3,"lastFunction":2,"lastStatement":2,"seen":{"f:17:16:17:25":0,"s:24:2:42:Infinity":0,"f:26:7:26:8":1,"s:27:8:40:Infinity":1,"b:31:16:31:Infinity:33:16:33:Infinity":0,"b:37:11:37:20:37:11:37:Infinity":1,"b:39:11:39:27:39:27:39:Infinity":2}}}
,"/Users/Eva/Sites/namesake.fyi/src/components/react/common/CheckboxGroup/CheckboxGroup.tsx": {"path":"/Users/Eva/Sites/namesake.fyi/src/components/react/common/CheckboxGroup/CheckboxGroup.tsx","statementMap":{"0":{"start":{"line":27,"column":2},"end":{"line":36,"column":null}}},"fnMap":{"0":{"name":"CheckboxGroup","decl":{"start":{"line":19,"column":16},"end":{"line":19,"column":30}},"loc":{"start":{"line":26,"column":23},"end":{"line":38,"column":null}},"line":26}},"branchMap":{"0":{"loc":{"start":{"line":32,"column":7},"end":{"line":32,"column":null}},"type":"binary-expr","locations":[{"start":{"line":32,"column":7},"end":{"line":32,"column":16}},{"start":{"line":32,"column":16},"end":{"line":32,"column":null}}],"line":32},"1":{"loc":{"start":{"line":34,"column":7},"end":{"line":34,"column":null}},"type":"binary-expr","locations":[{"start":{"line":34,"column":7},"end":{"line":34,"column":22}},{"start":{"line":34,"column":22},"end":{"line":34,"column":null}}],"line":34}},"s":{"0":15},"f":{"0":15},"b":{"0":[15,15],"1":[15,0]},"meta":{"lastBranch":2,"lastFunction":1,"lastStatement":1,"seen":{"f:19:16:19:30":0,"s:27:2:36:Infinity":0,"b:32:7:32:16:32:16:32:Infinity":0,"b:34:7:34:22:34:22:34:Infinity":1}}}
,"/Users/Eva/Sites/namesake.fyi/src/components/react/common/ComboBox/ComboBox.tsx": {"path":"/Users/Eva/Sites/namesake.fyi/src/components/react/common/ComboBox/ComboBox.tsx","statementMap":{"0":{"start":{"line":38,"column":2},"end":{"line":67,"column":null}},"1":{"start":{"line":45,"column":8},"end":{"line":65,"column":null}},"2":{"start":{"line":72,"column":2},"end":{"line":72,"column":null}}},"fnMap":{"0":{"name":"ComboBox","decl":{"start":{"line":27,"column":16},"end":{"line":27,"column":43}},"loc":{"start":{"line":37,"column":21},"end":{"line":69,"column":null}},"line":37},"1":{"name":"(anonymous_1)","decl":{"start":{"line":44,"column":7},"end":{"line":44,"column":8}},"loc":{"start":{"line":45,"column":8},"end":{"line":65,"column":null}},"line":45},"2":{"name":"ComboBoxItem","decl":{"start":{"line":71,"column":16},"end":{"line":71,"column":29}},"loc":{"start":{"line":71,"column":54},"end":{"line":73,"column":null}},"line":71}},"branchMap":{"0":{"loc":{"start":{"line":58,"column":11},"end":{"line":59,"column":null}},"type":"binary-expr","locations":[{"start":{"line":58,"column":11},"end":{"line":58,"column":26}},{"start":{"line":58,"column":26},"end":{"line":58,"column":null}},{"start":{"line":59,"column":12},"end":{"line":59,"column":null}}],"line":58}},"s":{"0":37,"1":83,"2":2619},"f":{"0":37,"1":83,"2":2619},"b":{"0":[83,0,0]},"meta":{"lastBranch":1,"lastFunction":3,"lastStatement":3,"seen":{"f:27:16:27:43":0,"s:38:2:67:Infinity":0,"f:44:7:44:8":1,"s:45:8:65:Infinity":1,"b:58:11:58:26:58:26:58:Infinity:59:12:59:Infinity":0,"f:71:16:71:29":2,"s:72:2:72:Infinity":2}}}
,"/Users/Eva/Sites/namesake.fyi/src/components/react/common/Content/Content.tsx": {"path":"/Users/Eva/Sites/namesake.fyi/src/components/react/common/Content/Content.tsx","statementMap":{"0":{"start":{"line":11,"column":2},"end":{"line":11,"column":null}},"1":{"start":{"line":15,"column":2},"end":{"line":15,"column":null}}},"fnMap":{"0":{"name":"Heading","decl":{"start":{"line":10,"column":16},"end":{"line":10,"column":24}},"loc":{"start":{"line":10,"column":45},"end":{"line":12,"column":null}},"line":10},"1":{"name":"Text","decl":{"start":{"line":14,"column":16},"end":{"line":14,"column":21}},"loc":{"start":{"line":14,"column":39},"end":{"line":16,"column":null}},"line":14}},"branchMap":{},"s":{"0":22,"1":2},"f":{"0":22,"1":2},"b":{},"meta":{"lastBranch":0,"lastFunction":2,"lastStatement":2,"seen":{"f:10:16:10:24":0,"s:11:2:11:Infinity":0,"f:14:16:14:21":1,"s:15:2:15:Infinity":1}}}
,"/Users/Eva/Sites/namesake.fyi/src/components/react/common/DateField/DateField.tsx": {"path":"/Users/Eva/Sites/namesake.fyi/src/components/react/common/DateField/DateField.tsx","statementMap":{"0":{"start":{"line":31,"column":2},"end":{"line":40,"column":null}},"1":{"start":{"line":37,"column":31},"end":{"line":37,"column":65}},"2":{"start":{"line":45,"column":2},"end":{"line":45,"column":null}},"3":{"start":{"line":49,"column":2},"end":{"line":49,"column":null}}},"fnMap":{"0":{"name":"DateField","decl":{"start":{"line":24,"column":16},"end":{"line":24,"column":47}},"loc":{"start":{"line":30,"column":22},"end":{"line":42,"column":null}},"line":30},"1":{"name":"(anonymous_1)","decl":{"start":{"line":37,"column":18},"end":{"line":37,"column":19}},"loc":{"start":{"line":37,"column":31},"end":{"line":37,"column":65}},"line":37},"2":{"name":"DateSegment","decl":{"start":{"line":44,"column":16},"end":{"line":44,"column":28}},"loc":{"start":{"line":44,"column":53},"end":{"line":46,"column":null}},"line":44},"3":{"name":"DateInput","decl":{"start":{"line":48,"column":16},"end":{"line":48,"column":26}},"loc":{"start":{"line":48,"column":49},"end":{"line":50,"column":null}},"line":48}},"branchMap":{"0":{"loc":{"start":{"line":36,"column":7},"end":{"line":36,"column":null}},"type":"binary-expr","locations":[{"start":{"line":36,"column":7},"end":{"line":36,"column":16}},{"start":{"line":36,"column":16},"end":{"line":36,"column":null}}],"line":36},"1":{"loc":{"start":{"line":38,"column":7},"end":{"line":38,"column":null}},"type":"binary-expr","locations":[{"start":{"line":38,"column":7},"end":{"line":38,"column":22}},{"start":{"line":38,"column":22},"end":{"line":38,"column":null}}],"line":38}},"s":{"0":10,"1":90,"2":90,"3":10},"f":{"0":10,"1":90,"2":90,"3":10},"b":{"0":[10,10],"1":[10,0]},"meta":{"lastBranch":2,"lastFunction":4,"lastStatement":4,"seen":{"f:24:16:24:47":0,"s:31:2:40:Infinity":0,"b:36:7:36:16:36:16:36:Infinity":0,"f:37:18:37:19":1,"s:37:31:37:65":1,"b:38:7:38:22:38:22:38:Infinity":1,"f:44:16:44:28":2,"s:45:2:45:Infinity":2,"f:48:16:48:26":3,"s:49:2:49:Infinity":3}}}
,"/Users/Eva/Sites/namesake.fyi/src/components/react/common/DatePicker/DatePicker.tsx": {"path":"/Users/Eva/Sites/namesake.fyi/src/components/react/common/DatePicker/DatePicker.tsx","statementMap":{"0":{"start":{"line":30,"column":2},"end":{"line":44,"column":null}},"1":{"start":{"line":34,"column":33},"end":{"line":34,"column":67}}},"fnMap":{"0":{"name":"DatePicker","decl":{"start":{"line":24,"column":16},"end":{"line":24,"column":48}},"loc":{"start":{"line":29,"column":23},"end":{"line":46,"column":null}},"line":29},"1":{"name":"(anonymous_1)","decl":{"start":{"line":34,"column":20},"end":{"line":34,"column":21}},"loc":{"start":{"line":34,"column":33},"end":{"line":34,"column":67}},"line":34}},"branchMap":{"0":{"loc":{"start":{"line":39,"column":7},"end":{"line":39,"column":null}},"type":"binary-expr","locations":[{"start":{"line":39,"column":7},"end":{"line":39,"column":22}},{"start":{"line":39,"column":22},"end":{"line":39,"column":null}}],"line":39}},"s":{"0":0,"1":0},"f":{"0":0,"1":0},"b":{"0":[0,0]},"meta":{"lastBranch":1,"lastFunction":2,"lastStatement":2,"seen":{"f:24:16:24:48":0,"s:30:2:44:Infinity":0,"f:34:20:34:21":1,"s:34:33:34:67":1,"b:39:7:39:22:39:22:39:Infinity":0}}}
,"/Users/Eva/Sites/namesake.fyi/src/components/react/common/DateRangePicker/DateRangePicker.tsx": {"path":"/Users/Eva/Sites/namesake.fyi/src/components/react/common/DateRangePicker/DateRangePicker.tsx","statementMap":{"0":{"start":{"line":29,"column":2},"end":{"line":49,"column":null}},"1":{"start":{"line":34,"column":24},"end":{"line":34,"column":null}},"2":{"start":{"line":38,"column":24},"end":{"line":38,"column":null}}},"fnMap":{"0":{"name":"DateRangePicker","decl":{"start":{"line":23,"column":16},"end":{"line":23,"column":53}},"loc":{"start":{"line":28,"column":28},"end":{"line":51,"column":null}},"line":28},"1":{"name":"(anonymous_1)","decl":{"start":{"line":34,"column":11},"end":{"line":34,"column":12}},"loc":{"start":{"line":34,"column":24},"end":{"line":34,"column":null}},"line":34},"2":{"name":"(anonymous_2)","decl":{"start":{"line":38,"column":11},"end":{"line":38,"column":12}},"loc":{"start":{"line":38,"column":24},"end":{"line":38,"column":null}},"line":38}},"branchMap":{"0":{"loc":{"start":{"line":44,"column":7},"end":{"line":44,"column":null}},"type":"binary-expr","locations":[{"start":{"line":44,"column":7},"end":{"line":44,"column":22}},{"start":{"line":44,"column":22},"end":{"line":44,"column":null}}],"line":44}},"s":{"0":0,"1":0,"2":0},"f":{"0":0,"1":0,"2":0},"b":{"0":[0,0]},"meta":{"lastBranch":1,"lastFunction":3,"lastStatement":3,"seen":{"f:23:16:23:53":0,"s:29:2:49:Infinity":0,"f:34:11:34:12":1,"s:34:24:34:Infinity":1,"f:38:11:38:12":2,"s:38:24:38:Infinity":2,"b:44:7:44:22:44:22:44:Infinity":0}}}
,"/Users/Eva/Sites/namesake.fyi/src/components/react/common/Dialog/Dialog.tsx": {"path":"/Users/Eva/Sites/namesake.fyi/src/components/react/common/Dialog/Dialog.tsx","statementMap":{"0":{"start":{"line":10,"column":2},"end":{"line":10,"column":null}},"1":{"start":{"line":14,"column":2},"end":{"line":14,"column":null}}},"fnMap":{"0":{"name":"Dialog","decl":{"start":{"line":9,"column":16},"end":{"line":9,"column":23}},"loc":{"start":{"line":9,"column":43},"end":{"line":11,"column":null}},"line":9},"1":{"name":"DialogTrigger","decl":{"start":{"line":13,"column":16},"end":{"line":13,"column":30}},"loc":{"start":{"line":13,"column":57},"end":{"line":15,"column":null}},"line":13}},"branchMap":{},"s":{"0":6,"1":12},"f":{"0":6,"1":12},"b":{},"meta":{"lastBranch":0,"lastFunction":2,"lastStatement":2,"seen":{"f:9:16:9:23":0,"s:10:2:10:Infinity":0,"f:13:16:13:30":1,"s:14:2:14:Infinity":1}}}
,"/Users/Eva/Sites/namesake.fyi/src/components/react/common/Disclosure/Disclosure.tsx": {"path":"/Users/Eva/Sites/namesake.fyi/src/components/react/common/Disclosure/Disclosure.tsx","statementMap":{"0":{"start":{"line":14,"column":2},"end":{"line":14,"column":null}},"1":{"start":{"line":18,"column":2},"end":{"line":24,"column":null}},"2":{"start":{"line":29,"column":2},"end":{"line":32,"column":null}}},"fnMap":{"0":{"name":"Disclosure","decl":{"start":{"line":13,"column":16},"end":{"line":13,"column":27}},"loc":{"start":{"line":13,"column":51},"end":{"line":15,"column":null}},"line":13},"1":{"name":"DisclosureHeader","decl":{"start":{"line":17,"column":16},"end":{"line":17,"column":33}},"loc":{"start":{"line":17,"column":71},"end":{"line":26,"column":null}},"line":17},"2":{"name":"DisclosurePanel","decl":{"start":{"line":28,"column":16},"end":{"line":28,"column":32}},"loc":{"start":{"line":28,"column":61},"end":{"line":34,"column":null}},"line":28}},"branchMap":{},"s":{"0":0,"1":0,"2":0},"f":{"0":0,"1":0,"2":0},"b":{},"meta":{"lastBranch":0,"lastFunction":3,"lastStatement":3,"seen":{"f:13:16:13:27":0,"s:14:2:14:Infinity":0,"f:17:16:17:33":1,"s:18:2:24:Infinity":1,"f:28:16:28:32":2,"s:29:2:32:Infinity":2}}}
,"/Users/Eva/Sites/namesake.fyi/src/components/react/common/DisclosureGroup/DisclosureGroup.tsx": {"path":"/Users/Eva/Sites/namesake.fyi/src/components/react/common/DisclosureGroup/DisclosureGroup.tsx","statementMap":{"0":{"start":{"line":8,"column":2},"end":{"line":8,"column":null}}},"fnMap":{"0":{"name":"DisclosureGroup","decl":{"start":{"line":7,"column":16},"end":{"line":7,"column":32}},"loc":{"start":{"line":7,"column":61},"end":{"line":9,"column":null}},"line":7}},"branchMap":{},"s":{"0":0},"f":{"0":0},"b":{},"meta":{"lastBranch":0,"lastFunction":1,"lastStatement":1,"seen":{"f:7:16:7:32":0,"s:8:2:8:Infinity":0}}}
,"/Users/Eva/Sites/namesake.fyi/src/components/react/common/DropZone/DropZone.tsx": {"path":"/Users/Eva/Sites/namesake.fyi/src/components/react/common/DropZone/DropZone.tsx","statementMap":{"0":{"start":{"line":8,"column":2},"end":{"line":8,"column":null}}},"fnMap":{"0":{"name":"DropZone","decl":{"start":{"line":7,"column":16},"end":{"line":7,"column":25}},"loc":{"start":{"line":7,"column":47},"end":{"line":9,"column":null}},"line":7}},"branchMap":{},"s":{"0":0},"f":{"0":0},"b":{},"meta":{"lastBranch":0,"lastFunction":1,"lastStatement":1,"seen":{"f:7:16:7:25":0,"s:8:2:8:Infinity":0}}}
,"/Users/Eva/Sites/namesake.fyi/src/components/react/common/Form/Form.tsx": {"path":"/Users/Eva/Sites/namesake.fyi/src/components/react/common/Form/Form.tsx","statementMap":{"0":{"start":{"line":18,"column":2},"end":{"line":18,"column":null}},"1":{"start":{"line":22,"column":2},"end":{"line":22,"column":null}},"2":{"start":{"line":26,"column":2},"end":{"line":26,"column":null}},"3":{"start":{"line":30,"column":2},"end":{"line":30,"column":null}}},"fnMap":{"0":{"name":"Form","decl":{"start":{"line":14,"column":16},"end":{"line":14,"column":21}},"loc":{"start":{"line":17,"column":47},"end":{"line":19,"column":null}},"line":17},"1":{"name":"Label","decl":{"start":{"line":21,"column":16},"end":{"line":21,"column":22}},"loc":{"start":{"line":21,"column":41},"end":{"line":23,"column":null}},"line":21},"2":{"name":"FieldError","decl":{"start":{"line":25,"column":16},"end":{"line":25,"column":27}},"loc":{"start":{"line":25,"column":51},"end":{"line":27,"column":null}},"line":25},"3":{"name":"FieldButton","decl":{"start":{"line":29,"column":16},"end":{"line":29,"column":28}},"loc":{"start":{"line":29,"column":48},"end":{"line":31,"column":null}},"line":29}},"branchMap":{},"s":{"0":0,"1":409,"2":379,"3":83},"f":{"0":0,"1":409,"2":379,"3":83},"b":{},"meta":{"lastBranch":0,"lastFunction":4,"lastStatement":4,"seen":{"f:14:16:14:21":0,"s:18:2:18:Infinity":0,"f:21:16:21:22":1,"s:22:2:22:Infinity":1,"f:25:16:25:27":2,"s:26:2:26:Infinity":2,"f:29:16:29:28":3,"s:30:2:30:Infinity":3}}}
,"/Users/Eva/Sites/namesake.fyi/src/components/react/common/GridList/GridList.tsx": {"path":"/Users/Eva/Sites/namesake.fyi/src/components/react/common/GridList/GridList.tsx","statementMap":{"0":{"start":{"line":16,"column":2},"end":{"line":16,"column":null}},"1":{"start":{"line":25,"column":20},"end":{"line":25,"column":null}},"2":{"start":{"line":26,"column":2},"end":{"line":42,"column":null}},"3":{"start":{"line":29,"column":8},"end":{"line":40,"column":null}}},"fnMap":{"0":{"name":"GridList","decl":{"start":{"line":12,"column":16},"end":{"line":12,"column":43}},"loc":{"start":{"line":15,"column":21},"end":{"line":17,"column":null}},"line":15},"1":{"name":"GridListItem","decl":{"start":{"line":19,"column":16},"end":{"line":19,"column":29}},"loc":{"start":{"line":24,"column":3},"end":{"line":44,"column":null}},"line":24},"2":{"name":"(anonymous_2)","decl":{"start":{"line":28,"column":7},"end":{"line":28,"column":8}},"loc":{"start":{"line":29,"column":8},"end":{"line":40,"column":null}},"line":29}},"branchMap":{"0":{"loc":{"start":{"line":25,"column":20},"end":{"line":25,"column":null}},"type":"cond-expr","locations":[{"start":{"line":25,"column":51},"end":{"line":25,"column":62}},{"start":{"line":25,"column":62},"end":{"line":25,"column":null}}],"line":25},"1":{"loc":{"start":{"line":31,"column":11},"end":{"line":34,"column":null}},"type":"binary-expr","locations":[{"start":{"line":31,"column":11},"end":{"line":31,"column":null}},{"start":{"line":32,"column":12},"end":{"line":34,"column":null}}],"line":31},"2":{"loc":{"start":{"line":36,"column":11},"end":{"line":37,"column":null}},"type":"binary-expr","locations":[{"start":{"line":36,"column":11},"end":{"line":36,"column":43}},{"start":{"line":36,"column":43},"end":{"line":36,"column":null}},{"start":{"line":37,"column":12},"end":{"line":37,"column":null}}],"line":36}},"s":{"0":0,"1":0,"2":0,"3":0},"f":{"0":0,"1":0,"2":0},"b":{"0":[0,0],"1":[0,0],"2":[0,0,0]},"meta":{"lastBranch":3,"lastFunction":3,"lastStatement":4,"seen":{"f:12:16:12:43":0,"s:16:2:16:Infinity":0,"f:19:16:19:29":1,"s:25:20:25:Infinity":1,"b:25:51:25:62:25:62:25:Infinity":0,"s:26:2:42:Infinity":2,"f:28:7:28:8":2,"s:29:8:40:Infinity":3,"b:31:11:31:Infinity:32:12:34:Infinity":1,"b:36:11:36:43:36:43:36:Infinity:37:12:37:Infinity":2}}}
,"/Users/Eva/Sites/namesake.fyi/src/components/react/common/InputGroup/InputGroup.tsx": {"path":"/Users/Eva/Sites/namesake.fyi/src/components/react/common/InputGroup/InputGroup.tsx","statementMap":{"0":{"start":{"line":15,"column":8},"end":{"line":15,"column":null}},"1":{"start":{"line":16,"column":2},"end":{"line":26,"column":null}},"2":{"start":{"line":21,"column":10},"end":{"line":23,"column":null}}},"fnMap":{"0":{"name":"InputGroup","decl":{"start":{"line":14,"column":16},"end":{"line":14,"column":27}},"loc":{"start":{"line":14,"column":51},"end":{"line":28,"column":null}},"line":14},"1":{"name":"(anonymous_1)","decl":{"start":{"line":20,"column":44},"end":{"line":20,"column":45}},"loc":{"start":{"line":21,"column":10},"end":{"line":23,"column":null}},"line":21}},"branchMap":{"0":{"loc":{"start":{"line":18,"column":7},"end":{"line":18,"column":null}},"type":"binary-expr","locations":[{"start":{"line":18,"column":7},"end":{"line":18,"column":22}},{"start":{"line":18,"column":22},"end":{"line":18,"column":null}}],"line":18}},"s":{"0":0,"1":0,"2":0},"f":{"0":0,"1":0},"b":{"0":[0,0]},"meta":{"lastBranch":1,"lastFunction":2,"lastStatement":3,"seen":{"f:14:16:14:27":0,"s:15:8:15:Infinity":0,"s:16:2:26:Infinity":1,"b:18:7:18:22:18:22:18:Infinity":0,"f:20:44:20:45":1,"s:21:10:23:Infinity":2}}}
,"/Users/Eva/Sites/namesake.fyi/src/components/react/common/Link/Link.tsx": {"path":"/Users/Eva/Sites/namesake.fyi/src/components/react/common/Link/Link.tsx","statementMap":{"0":{"start":{"line":5,"column":2},"end":{"line":5,"column":null}}},"fnMap":{"0":{"name":"Link","decl":{"start":{"line":4,"column":16},"end":{"line":4,"column":21}},"loc":{"start":{"line":4,"column":39},"end":{"line":6,"column":null}},"line":4}},"branchMap":{},"s":{"0":0},"f":{"0":0},"b":{},"meta":{"lastBranch":0,"lastFunction":1,"lastStatement":1,"seen":{"f:4:16:4:21":0,"s:5:2:5:Infinity":0}}}
,"/Users/Eva/Sites/namesake.fyi/src/components/react/common/ListBox/ListBox.tsx": {"path":"/Users/Eva/Sites/namesake.fyi/src/components/react/common/ListBox/ListBox.tsx","statementMap":{"0":{"start":{"line":16,"column":2},"end":{"line":16,"column":null}},"1":{"start":{"line":20,"column":2},"end":{"line":20,"column":null}},"2":{"start":{"line":26,"column":2},"end":{"line":26,"column":null}}},"fnMap":{"0":{"name":"ListBox","decl":{"start":{"line":12,"column":16},"end":{"line":12,"column":42}},"loc":{"start":{"line":15,"column":20},"end":{"line":17,"column":null}},"line":15},"1":{"name":"ListBoxItem","decl":{"start":{"line":19,"column":16},"end":{"line":19,"column":28}},"loc":{"start":{"line":19,"column":53},"end":{"line":21,"column":null}},"line":19},"2":{"name":"ListBoxSection","decl":{"start":{"line":23,"column":16},"end":{"line":23,"column":null}},"loc":{"start":{"line":25,"column":2},"end":{"line":27,"column":null}},"line":25}},"branchMap":{},"s":{"0":49,"1":2619,"2":0},"f":{"0":49,"1":2619,"2":0},"b":{},"meta":{"lastBranch":0,"lastFunction":3,"lastStatement":3,"seen":{"f:12:16:12:42":0,"s:16:2:16:Infinity":0,"f:19:16:19:28":1,"s:20:2:20:Infinity":1,"f:23:16:23:Infinity":2,"s:26:2:26:Infinity":2}}}
,"/Users/Eva/Sites/namesake.fyi/src/components/react/common/Menu/Menu.tsx": {"path":"/Users/Eva/Sites/namesake.fyi/src/components/react/common/Menu/Menu.tsx","statementMap":{"0":{"start":{"line":31,"column":2},"end":{"line":37,"column":null}},"1":{"start":{"line":42,"column":2},"end":{"line":42,"column":null}},"2":{"start":{"line":46,"column":2},"end":{"line":46,"column":null}},"3":{"start":{"line":53,"column":4},"end":{"line":54,"column":null}},"4":{"start":{"line":55,"column":2},"end":{"line":63,"column":null}},"5":{"start":{"line":58,"column":8},"end":{"line":61,"column":null}},"6":{"start":{"line":68,"column":2},"end":{"line":68,"column":null}},"7":{"start":{"line":72,"column":26},"end":{"line":72,"column":null}},"8":{"start":{"line":76,"column":2},"end":{"line":80,"column":null}}},"fnMap":{"0":{"name":"MenuButton","decl":{"start":{"line":26,"column":16},"end":{"line":26,"column":45}},"loc":{"start":{"line":30,"column":23},"end":{"line":39,"column":null}},"line":30},"1":{"name":"MenuTrigger","decl":{"start":{"line":41,"column":16},"end":{"line":41,"column":28}},"loc":{"start":{"line":41,"column":53},"end":{"line":43,"column":null}},"line":41},"2":{"name":"Menu","decl":{"start":{"line":45,"column":16},"end":{"line":45,"column":39}},"loc":{"start":{"line":45,"column":60},"end":{"line":47,"column":null}},"line":45},"3":{"name":"MenuItem","decl":{"start":{"line":49,"column":16},"end":{"line":49,"column":null}},"loc":{"start":{"line":51,"column":2},"end":{"line":65,"column":null}},"line":51},"4":{"name":"(anonymous_4)","decl":{"start":{"line":57,"column":7},"end":{"line":57,"column":8}},"loc":{"start":{"line":58,"column":8},"end":{"line":61,"column":null}},"line":58},"5":{"name":"MenuSection","decl":{"start":{"line":67,"column":16},"end":{"line":67,"column":46}},"loc":{"start":{"line":67,"column":74},"end":{"line":69,"column":null}},"line":67},"6":{"name":"SubmenuTrigger","decl":{"start":{"line":71,"column":16},"end":{"line":71,"column":31}},"loc":{"start":{"line":71,"column":59},"end":{"line":82,"column":null}},"line":71}},"branchMap":{"0":{"loc":{"start":{"line":53,"column":4},"end":{"line":54,"column":null}},"type":"binary-expr","locations":[{"start":{"line":53,"column":4},"end":{"line":53,"column":null}},{"start":{"line":54,"column":5},"end":{"line":54,"column":null}}],"line":53},"1":{"loc":{"start":{"line":54,"column":5},"end":{"line":54,"column":null}},"type":"cond-expr","locations":[{"start":{"line":54,"column":42},"end":{"line":54,"column":59}},{"start":{"line":54,"column":59},"end":{"line":54,"column":null}}],"line":54},"2":{"loc":{"start":{"line":60,"column":11},"end":{"line":60,"column":null}},"type":"binary-expr","locations":[{"start":{"line":60,"column":11},"end":{"line":60,"column":25}},{"start":{"line":60,"column":25},"end":{"line":60,"column":null}}],"line":60}},"s":{"0":0,"1":0,"2":0,"3":0,"4":0,"5":0,"6":0,"7":0,"8":0},"f":{"0":0,"1":0,"2":0,"3":0,"4":0,"5":0,"6":0},"b":{"0":[0,0],"1":[0,0],"2":[0,0]},"meta":{"lastBranch":3,"lastFunction":7,"lastStatement":9,"seen":{"f:26:16:26:45":0,"s:31:2:37:Infinity":0,"f:41:16:41:28":1,"s:42:2:42:Infinity":1,"f:45:16:45:39":2,"s:46:2:46:Infinity":2,"f:49:16:49:Infinity":3,"s:53:4:54:Infinity":3,"b:53:4:53:Infinity:54:5:54:Infinity":0,"b:54:42:54:59:54:59:54:Infinity":1,"s:55:2:63:Infinity":4,"f:57:7:57:8":4,"s:58:8:61:Infinity":5,"b:60:11:60:25:60:25:60:Infinity":2,"f:67:16:67:46":5,"s:68:2:68:Infinity":6,"f:71:16:71:31":6,"s:72:26:72:Infinity":7,"s:76:2:80:Infinity":8}}}
,"/Users/Eva/Sites/namesake.fyi/src/components/react/common/Meter/Meter.tsx": {"path":"/Users/Eva/Sites/namesake.fyi/src/components/react/common/Meter/Meter.tsx","statementMap":{"0":{"start":{"line":13,"column":2},"end":{"line":24,"column":null}},"1":{"start":{"line":16,"column":8},"end":{"line":22,"column":null}}},"fnMap":{"0":{"name":"Meter","decl":{"start":{"line":12,"column":16},"end":{"line":12,"column":22}},"loc":{"start":{"line":12,"column":55},"end":{"line":26,"column":null}},"line":12},"1":{"name":"(anonymous_1)","decl":{"start":{"line":15,"column":7},"end":{"line":15,"column":8}},"loc":{"start":{"line":16,"column":8},"end":{"line":22,"column":null}},"line":16}},"branchMap":{},"s":{"0":0,"1":0},"f":{"0":0,"1":0},"b":{},"meta":{"lastBranch":0,"lastFunction":2,"lastStatement":2,"seen":{"f:12:16:12:22":0,"s:13:2:24:Infinity":0,"f:15:7:15:8":1,"s:16:8:22:Infinity":1}}}
,"/Users/Eva/Sites/namesake.fyi/src/components/react/common/Modal/Modal.tsx": {"path":"/Users/Eva/Sites/namesake.fyi/src/components/react/common/Modal/Modal.tsx","statementMap":{"0":{"start":{"line":8,"column":2},"end":{"line":8,"column":null}}},"fnMap":{"0":{"name":"Modal","decl":{"start":{"line":7,"column":16},"end":{"line":7,"column":22}},"loc":{"start":{"line":7,"column":48},"end":{"line":9,"column":null}},"line":7}},"branchMap":{},"s":{"0":12},"f":{"0":12},"b":{},"meta":{"lastBranch":0,"lastFunction":1,"lastStatement":1,"seen":{"f:7:16:7:22":0,"s:8:2:8:Infinity":0}}}
,"/Users/Eva/Sites/namesake.fyi/src/components/react/common/NumberField/NumberField.tsx": {"path":"/Users/Eva/Sites/namesake.fyi/src/components/react/common/NumberField/NumberField.tsx","statementMap":{"0":{"start":{"line":26,"column":2},"end":{"line":36,"column":null}}},"fnMap":{"0":{"name":"NumberField","decl":{"start":{"line":20,"column":16},"end":{"line":20,"column":28}},"loc":{"start":{"line":25,"column":21},"end":{"line":38,"column":null}},"line":25}},"branchMap":{"0":{"loc":{"start":{"line":34,"column":7},"end":{"line":34,"column":null}},"type":"binary-expr","locations":[{"start":{"line":34,"column":7},"end":{"line":34,"column":22}},{"start":{"line":34,"column":22},"end":{"line":34,"column":null}}],"line":34}},"s":{"0":0},"f":{"0":0},"b":{"0":[0,0]},"meta":{"lastBranch":1,"lastFunction":1,"lastStatement":1,"seen":{"f:20:16:20:28":0,"s:26:2:36:Infinity":0,"b:34:7:34:22:34:22:34:Infinity":0}}}
,"/Users/Eva/Sites/namesake.fyi/src/components/react/common/Popover/Popover.tsx": {"path":"/Users/Eva/Sites/namesake.fyi/src/components/react/common/Popover/Popover.tsx","statementMap":{"0":{"start":{"line":16,"column":2},"end":{"line":29,"column":null}}},"fnMap":{"0":{"name":"Popover","decl":{"start":{"line":15,"column":16},"end":{"line":15,"column":24}},"loc":{"start":{"line":15,"column":73},"end":{"line":31,"column":null}},"line":15}},"branchMap":{"0":{"loc":{"start":{"line":21,"column":7},"end":{"line":26,"column":null}},"type":"binary-expr","locations":[{"start":{"line":21,"column":7},"end":{"line":21,"column":null}},{"start":{"line":22,"column":8},"end":{"line":26,"column":null}}],"line":21}},"s":{"0":83},"f":{"0":83},"b":{"0":[83,0]},"meta":{"lastBranch":1,"lastFunction":1,"lastStatement":1,"seen":{"f:15:16:15:24":0,"s:16:2:29:Infinity":0,"b:21:7:21:Infinity:22:8:26:Infinity":0}}}
,"/Users/Eva/Sites/namesake.fyi/src/components/react/common/ProgressBar/ProgressBar.tsx": {"path":"/Users/Eva/Sites/namesake.fyi/src/components/react/common/ProgressBar/ProgressBar.tsx","statementMap":{"0":{"start":{"line":13,"column":2},"end":{"line":36,"column":null}},"1":{"start":{"line":16,"column":27},"end":{"line":18,"column":null}},"2":{"start":{"line":20,"column":8},"end":{"line":33,"column":null}}},"fnMap":{"0":{"name":"ProgressBar","decl":{"start":{"line":12,"column":16},"end":{"line":12,"column":28}},"loc":{"start":{"line":12,"column":67},"end":{"line":38,"column":null}},"line":12},"1":{"name":"(anonymous_1)","decl":{"start":{"line":15,"column":7},"end":{"line":15,"column":8}},"loc":{"start":{"line":15,"column":55},"end":{"line":35,"column":null}},"line":15}},"branchMap":{"0":{"loc":{"start":{"line":16,"column":27},"end":{"line":18,"column":null}},"type":"cond-expr","locations":[{"start":{"line":17,"column":12},"end":{"line":17,"column":null}},{"start":{"line":18,"column":12},"end":{"line":18,"column":null}}],"line":16},"1":{"loc":{"start":{"line":18,"column":27},"end":{"line":18,"column":46}},"type":"binary-expr","locations":[{"start":{"line":18,"column":27},"end":{"line":18,"column":41}},{"start":{"line":18,"column":41},"end":{"line":18,"column":46}}],"line":18}},"s":{"0":0,"1":0,"2":0},"f":{"0":0,"1":0},"b":{"0":[0,0],"1":[0,0]},"meta":{"lastBranch":2,"lastFunction":2,"lastStatement":3,"seen":{"f:12:16:12:28":0,"s:13:2:36:Infinity":0,"f:15:7:15:8":1,"s:16:27:18:Infinity":1,"b:17:12:17:Infinity:18:12:18:Infinity":0,"b:18:27:18:41:18:41:18:46":1,"s:20:8:33:Infinity":2}}}
,"/Users/Eva/Sites/namesake.fyi/src/components/react/common/ProgressCircle/ProgressCircle.tsx": {"path":"/Users/Eva/Sites/namesake.fyi/src/components/react/common/ProgressCircle/ProgressCircle.tsx","statementMap":{"0":{"start":{"line":11,"column":22},"end":{"line":11,"column":null}},"1":{"start":{"line":12,"column":17},"end":{"line":12,"column":null}},"2":{"start":{"line":14,"column":2},"end":{"line":71,"column":null}},"3":{"start":{"line":18,"column":57},"end":{"line":22,"column":8}},"4":{"start":{"line":25,"column":8},"end":{"line":69,"column":null}}},"fnMap":{"0":{"name":"ProgressCircle","decl":{"start":{"line":9,"column":16},"end":{"line":9,"column":31}},"loc":{"start":{"line":9,"column":59},"end":{"line":73,"column":null}},"line":9},"1":{"name":"(anonymous_1)","decl":{"start":{"line":18,"column":45},"end":{"line":18,"column":46}},"loc":{"start":{"line":18,"column":57},"end":{"line":22,"column":8}},"line":18},"2":{"name":"(anonymous_2)","decl":{"start":{"line":24,"column":7},"end":{"line":24,"column":8}},"loc":{"start":{"line":25,"column":8},"end":{"line":69,"column":null}},"line":25}},"branchMap":{"0":{"loc":{"start":{"line":20,"column":15},"end":{"line":20,"column":null}},"type":"binary-expr","locations":[{"start":{"line":20,"column":15},"end":{"line":20,"column":29}},{"start":{"line":20,"column":29},"end":{"line":20,"column":null}}],"line":20},"1":{"loc":{"start":{"line":21,"column":16},"end":{"line":21,"column":null}},"type":"binary-expr","locations":[{"start":{"line":21,"column":16},"end":{"line":21,"column":30}},{"start":{"line":21,"column":30},"end":{"line":21,"column":null}}],"line":21},"2":{"loc":{"start":{"line":51,"column":23},"end":{"line":51,"column":null}},"type":"cond-expr","locations":[{"start":{"line":51,"column":63},"end":{"line":51,"column":68}},{"start":{"line":51,"column":68},"end":{"line":51,"column":null}}],"line":51},"3":{"loc":{"start":{"line":51,"column":23},"end":{"line":51,"column":63}},"type":"binary-expr","locations":[{"start":{"line":51,"column":23},"end":{"line":51,"column":42}},{"start":{"line":51,"column":42},"end":{"line":51,"column":63}}],"line":51},"4":{"loc":{"start":{"line":58,"column":15},"end":{"line":65,"column":null}},"type":"binary-expr","locations":[{"start":{"line":58,"column":15},"end":{"line":58,"column":null}},{"start":{"line":59,"column":16},"end":{"line":65,"column":null}}],"line":58}},"s":{"0":2,"1":2,"2":2,"3":3,"4":3},"f":{"0":2,"1":3,"2":3},"b":{"0":[3,0],"1":[3,0],"2":[3,0],"3":[3,0],"4":[3,3]},"meta":{"lastBranch":5,"lastFunction":3,"lastStatement":5,"seen":{"f:9:16:9:31":0,"s:11:22:11:Infinity":0,"s:12:17:12:Infinity":1,"s:14:2:71:Infinity":2,"f:18:45:18:46":1,"s:18:57:22:8":3,"b:20:15:20:29:20:29:20:Infinity":0,"b:21:16:21:30:21:30:21:Infinity":1,"f:24:7:24:8":2,"s:25:8:69:Infinity":4,"b:51:63:51:68:51:68:51:Infinity":2,"b:51:23:51:42:51:42:51:63":3,"b:58:15:58:Infinity:59:16:65:Infinity":4}}}
,"/Users/Eva/Sites/namesake.fyi/src/components/react/common/RadioGroup/RadioGroup.tsx": {"path":"/Users/Eva/Sites/namesake.fyi/src/components/react/common/RadioGroup/RadioGroup.tsx","statementMap":{"0":{"start":{"line":28,"column":2},"end":{"line":37,"column":null}},"1":{"start":{"line":44,"column":2},"end":{"line":44,"column":null}}},"fnMap":{"0":{"name":"RadioGroup","decl":{"start":{"line":20,"column":16},"end":{"line":20,"column":27}},"loc":{"start":{"line":27,"column":20},"end":{"line":39,"column":null}},"line":27},"1":{"name":"Radio","decl":{"start":{"line":43,"column":16},"end":{"line":43,"column":22}},"loc":{"start":{"line":43,"column":59},"end":{"line":45,"column":null}},"line":43}},"branchMap":{"0":{"loc":{"start":{"line":33,"column":7},"end":{"line":33,"column":null}},"type":"binary-expr","locations":[{"start":{"line":33,"column":7},"end":{"line":33,"column":16}},{"start":{"line":33,"column":16},"end":{"line":33,"column":null}}],"line":33},"1":{"loc":{"start":{"line":35,"column":7},"end":{"line":35,"column":null}},"type":"binary-expr","locations":[{"start":{"line":35,"column":7},"end":{"line":35,"column":22}},{"start":{"line":35,"column":22},"end":{"line":35,"column":null}}],"line":35}},"s":{"0":35,"1":96},"f":{"0":35,"1":96},"b":{"0":[35,33],"1":[35,0]},"meta":{"lastBranch":2,"lastFunction":2,"lastStatement":2,"seen":{"f:20:16:20:27":0,"s:28:2:37:Infinity":0,"b:33:7:33:16:33:16:33:Infinity":0,"b:35:7:35:22:35:22:35:Infinity":1,"f:43:16:43:22":1,"s:44:2:44:Infinity":1}}}
,"/Users/Eva/Sites/namesake.fyi/src/components/react/common/RangeCalendar/RangeCalendar.tsx": {"path":"/Users/Eva/Sites/namesake.fyi/src/components/react/common/RangeCalendar/RangeCalendar.tsx","statementMap":{"0":{"start":{"line":22,"column":2},"end":{"line":35,"column":null}},"1":{"start":{"line":33,"column":31},"end":{"line":33,"column":60}}},"fnMap":{"0":{"name":"RangeCalendar","decl":{"start":{"line":18,"column":16},"end":{"line":18,"column":51}},"loc":{"start":{"line":21,"column":26},"end":{"line":37,"column":null}},"line":21},"1":{"name":"(anonymous_1)","decl":{"start":{"line":33,"column":21},"end":{"line":33,"column":22}},"loc":{"start":{"line":33,"column":31},"end":{"line":33,"column":60}},"line":33}},"branchMap":{"0":{"loc":{"start":{"line":34,"column":7},"end":{"line":34,"column":null}},"type":"binary-expr","locations":[{"start":{"line":34,"column":7},"end":{"line":34,"column":23}},{"start":{"line":34,"column":23},"end":{"line":34,"column":null}}],"line":34}},"s":{"0":0,"1":0},"f":{"0":0,"1":0},"b":{"0":[0,0]},"meta":{"lastBranch":1,"lastFunction":2,"lastStatement":2,"seen":{"f:18:16:18:51":0,"s:22:2:35:Infinity":0,"f:33:21:33:22":1,"s:33:31:33:60":1,"b:34:7:34:23:34:23:34:Infinity":0}}}
,"/Users/Eva/Sites/namesake.fyi/src/components/react/common/SearchField/SearchField.tsx": {"path":"/Users/Eva/Sites/namesake.fyi/src/components/react/common/SearchField/SearchField.tsx","statementMap":{"0":{"start":{"line":27,"column":2},"end":{"line":36,"column":null}}},"fnMap":{"0":{"name":"SearchField","decl":{"start":{"line":20,"column":16},"end":{"line":20,"column":28}},"loc":{"start":{"line":26,"column":21},"end":{"line":38,"column":null}},"line":26}},"branchMap":{"0":{"loc":{"start":{"line":29,"column":7},"end":{"line":29,"column":null}},"type":"binary-expr","locations":[{"start":{"line":29,"column":7},"end":{"line":29,"column":16}},{"start":{"line":29,"column":16},"end":{"line":29,"column":null}}],"line":29},"1":{"loc":{"start":{"line":34,"column":7},"end":{"line":34,"column":null}},"type":"binary-expr","locations":[{"start":{"line":34,"column":7},"end":{"line":34,"column":22}},{"start":{"line":34,"column":22},"end":{"line":34,"column":null}}],"line":34}},"s":{"0":0},"f":{"0":0},"b":{"0":[0,0],"1":[0,0]},"meta":{"lastBranch":2,"lastFunction":1,"lastStatement":1,"seen":{"f:20:16:20:28":0,"s:27:2:36:Infinity":0,"b:29:7:29:16:29:16:29:Infinity":0,"b:34:7:34:22:34:22:34:Infinity":1}}}
,"/Users/Eva/Sites/namesake.fyi/src/components/react/common/Select/Select.tsx": {"path":"/Users/Eva/Sites/namesake.fyi/src/components/react/common/Select/Select.tsx","statementMap":{"0":{"start":{"line":33,"column":2},"end":{"line":47,"column":null}},"1":{"start":{"line":52,"column":2},"end":{"line":52,"column":null}}},"fnMap":{"0":{"name":"Select","decl":{"start":{"line":25,"column":16},"end":{"line":25,"column":41}},"loc":{"start":{"line":32,"column":19},"end":{"line":49,"column":null}},"line":32},"1":{"name":"SelectItem","decl":{"start":{"line":51,"column":16},"end":{"line":51,"column":27}},"loc":{"start":{"line":51,"column":52},"end":{"line":53,"column":null}},"line":51}},"branchMap":{"0":{"loc":{"start":{"line":42,"column":7},"end":{"line":42,"column":null}},"type":"binary-expr","locations":[{"start":{"line":42,"column":7},"end":{"line":42,"column":22}},{"start":{"line":42,"column":22},"end":{"line":42,"column":null}}],"line":42}},"s":{"0":0,"1":0},"f":{"0":0,"1":0},"b":{"0":[0,0]},"meta":{"lastBranch":1,"lastFunction":2,"lastStatement":2,"seen":{"f:25:16:25:41":0,"s:33:2:47:Infinity":0,"b:42:7:42:22:42:22:42:Infinity":0,"f:51:16:51:27":1,"s:52:2:52:Infinity":1}}}
,"/Users/Eva/Sites/namesake.fyi/src/components/react/common/Sheet/Sheet.tsx": {"path":"/Users/Eva/Sites/namesake.fyi/src/components/react/common/Sheet/Sheet.tsx","statementMap":{"0":{"start":{"line":11,"column":2},"end":{"line":18,"column":null}},"1":{"start":{"line":14,"column":8},"end":{"line":16,"column":null}}},"fnMap":{"0":{"name":"Sheet","decl":{"start":{"line":10,"column":16},"end":{"line":10,"column":22}},"loc":{"start":{"line":10,"column":48},"end":{"line":20,"column":null}},"line":10},"1":{"name":"(anonymous_1)","decl":{"start":{"line":13,"column":42},"end":{"line":13,"column":43}},"loc":{"start":{"line":14,"column":8},"end":{"line":16,"column":null}},"line":14}},"branchMap":{},"s":{"0":0,"1":0},"f":{"0":0,"1":0},"b":{},"meta":{"lastBranch":0,"lastFunction":2,"lastStatement":2,"seen":{"f:10:16:10:22":0,"s:11:2:18:Infinity":0,"f:13:42:13:43":1,"s:14:8:16:Infinity":1}}}
,"/Users/Eva/Sites/namesake.fyi/src/components/react/common/Slider/Slider.tsx": {"path":"/Users/Eva/Sites/namesake.fyi/src/components/react/common/Slider/Slider.tsx","statementMap":{"0":{"start":{"line":21,"column":2},"end":{"line":37,"column":null}},"1":{"start":{"line":26,"column":10},"end":{"line":26,"column":null}},"2":{"start":{"line":26,"column":37},"end":{"line":26,"column":64}},"3":{"start":{"line":31,"column":10},"end":{"line":34,"column":null}},"4":{"start":{"line":33,"column":12},"end":{"line":33,"column":null}}},"fnMap":{"0":{"name":"Slider","decl":{"start":{"line":16,"column":16},"end":{"line":16,"column":52}},"loc":{"start":{"line":20,"column":19},"end":{"line":39,"column":null}},"line":20},"1":{"name":"(anonymous_1)","decl":{"start":{"line":25,"column":9},"end":{"line":25,"column":10}},"loc":{"start":{"line":26,"column":10},"end":{"line":26,"column":null}},"line":26},"2":{"name":"(anonymous_2)","decl":{"start":{"line":26,"column":27},"end":{"line":26,"column":28}},"loc":{"start":{"line":26,"column":37},"end":{"line":26,"column":64}},"line":26},"3":{"name":"(anonymous_3)","decl":{"start":{"line":30,"column":9},"end":{"line":30,"column":10}},"loc":{"start":{"line":31,"column":10},"end":{"line":34,"column":null}},"line":31},"4":{"name":"(anonymous_4)","decl":{"start":{"line":31,"column":27},"end":{"line":31,"column":28}},"loc":{"start":{"line":33,"column":12},"end":{"line":33,"column":null}},"line":33}},"branchMap":{"0":{"loc":{"start":{"line":23,"column":7},"end":{"line":23,"column":null}},"type":"binary-expr","locations":[{"start":{"line":23,"column":7},"end":{"line":23,"column":16}},{"start":{"line":23,"column":16},"end":{"line":23,"column":null}}],"line":23}},"s":{"0":0,"1":0,"2":0,"3":0,"4":0},"f":{"0":0,"1":0,"2":0,"3":0,"4":0},"b":{"0":[0,0]},"meta":{"lastBranch":1,"lastFunction":5,"lastStatement":5,"seen":{"f:16:16:16:52":0,"s:21:2:37:Infinity":0,"b:23:7:23:16:23:16:23:Infinity":0,"f:25:9:25:10":1,"s:26:10:26:Infinity":1,"f:26:27:26:28":2,"s:26:37:26:64":2,"f:30:9:30:10":3,"s:31:10:34:Infinity":3,"f:31:27:31:28":4,"s:33:12:33:Infinity":4}}}
,"/Users/Eva/Sites/namesake.fyi/src/components/react/common/Switch/Switch.tsx": {"path":"/Users/Eva/Sites/namesake.fyi/src/components/react/common/Switch/Switch.tsx","statementMap":{"0":{"start":{"line":13,"column":2},"end":{"line":17,"column":null}}},"fnMap":{"0":{"name":"Switch","decl":{"start":{"line":12,"column":16},"end":{"line":12,"column":23}},"loc":{"start":{"line":12,"column":60},"end":{"line":19,"column":null}},"line":12}},"branchMap":{},"s":{"0":0},"f":{"0":0},"b":{},"meta":{"lastBranch":0,"lastFunction":1,"lastStatement":1,"seen":{"f:12:16:12:23":0,"s:13:2:17:Infinity":0}}}
,"/Users/Eva/Sites/namesake.fyi/src/components/react/common/Table/Table.tsx": {"path":"/Users/Eva/Sites/namesake.fyi/src/components/react/common/Table/Table.tsx","statementMap":{"0":{"start":{"line":28,"column":2},"end":{"line":28,"column":null}},"1":{"start":{"line":34,"column":2},"end":{"line":53,"column":null}},"2":{"start":{"line":40,"column":8},"end":{"line":51,"column":null}},"3":{"start":{"line":63,"column":59},"end":{"line":64,"column":null}},"4":{"start":{"line":66,"column":2},"end":{"line":79,"column":null}},"5":{"start":{"line":90,"column":44},"end":{"line":90,"column":null}},"6":{"start":{"line":92,"column":2},"end":{"line":111,"column":null}},"7":{"start":{"line":116,"column":2},"end":{"line":116,"column":null}},"8":{"start":{"line":120,"column":2},"end":{"line":121,"column":null}}},"fnMap":{"0":{"name":"Table","decl":{"start":{"line":27,"column":16},"end":{"line":27,"column":22}},"loc":{"start":{"line":27,"column":59},"end":{"line":29,"column":null}},"line":27},"1":{"name":"Column","decl":{"start":{"line":31,"column":16},"end":{"line":31,"column":null}},"loc":{"start":{"line":33,"column":2},"end":{"line":55,"column":null}},"line":33},"2":{"name":"(anonymous_2)","decl":{"start":{"line":39,"column":7},"end":{"line":39,"column":8}},"loc":{"start":{"line":40,"column":8},"end":{"line":51,"column":null}},"line":40},"3":{"name":"TableHeader","decl":{"start":{"line":57,"column":16},"end":{"line":57,"column":46}},"loc":{"start":{"line":62,"column":24},"end":{"line":81,"column":null}},"line":62},"4":{"name":"Row","decl":{"start":{"line":83,"column":16},"end":{"line":83,"column":38}},"loc":{"start":{"line":89,"column":16},"end":{"line":113,"column":null}},"line":89},"5":{"name":"TableBody","decl":{"start":{"line":115,"column":16},"end":{"line":115,"column":44}},"loc":{"start":{"line":115,"column":70},"end":{"line":117,"column":null}},"line":115},"6":{"name":"Cell","decl":{"start":{"line":119,"column":16},"end":{"line":119,"column":21}},"loc":{"start":{"line":119,"column":57},"end":{"line":123,"column":null}},"line":119}},"branchMap":{"0":{"loc":{"start":{"line":42,"column":11},"end":{"line":49,"column":null}},"type":"binary-expr","locations":[{"start":{"line":42,"column":11},"end":{"line":42,"column":null}},{"start":{"line":43,"column":12},"end":{"line":49,"column":null}}],"line":42},"1":{"loc":{"start":{"line":44,"column":15},"end":{"line":47,"column":null}},"type":"cond-expr","locations":[{"start":{"line":45,"column":16},"end":{"line":45,"column":null}},{"start":{"line":47,"column":16},"end":{"line":47,"column":null}}],"line":44},"2":{"loc":{"start":{"line":72,"column":7},"end":{"line":72,"column":null}},"type":"binary-expr","locations":[{"start":{"line":72,"column":7},"end":{"line":72,"column":25}},{"start":{"line":72,"column":25},"end":{"line":72,"column":null}}],"line":72},"3":{"loc":{"start":{"line":73,"column":7},"end":{"line":76,"column":null}},"type":"binary-expr","locations":[{"start":{"line":73,"column":7},"end":{"line":73,"column":null}},{"start":{"line":74,"column":8},"end":{"line":76,"column":null}}],"line":73},"4":{"loc":{"start":{"line":75,"column":11},"end":{"line":75,"column":null}},"type":"binary-expr","locations":[{"start":{"line":75,"column":11},"end":{"line":75,"column":43}},{"start":{"line":75,"column":43},"end":{"line":75,"column":null}}],"line":75},"5":{"loc":{"start":{"line":98,"column":7},"end":{"line":103,"column":null}},"type":"binary-expr","locations":[{"start":{"line":98,"column":7},"end":{"line":98,"column":null}},{"start":{"line":99,"column":8},"end":{"line":103,"column":null}}],"line":98},"6":{"loc":{"start":{"line":105,"column":7},"end":{"line":108,"column":null}},"type":"binary-expr","locations":[{"start":{"line":105,"column":7},"end":{"line":105,"column":null}},{"start":{"line":106,"column":8},"end":{"line":108,"column":null}}],"line":105}},"s":{"0":0,"1":0,"2":0,"3":0,"4":0,"5":0,"6":0,"7":0,"8":0},"f":{"0":0,"1":0,"2":0,"3":0,"4":0,"5":0,"6":0},"b":{"0":[0,0],"1":[0,0],"2":[0,0],"3":[0,0],"4":[0,0],"5":[0,0],"6":[0,0]},"meta":{"lastBranch":7,"lastFunction":7,"lastStatement":9,"seen":{"f:27:16:27:22":0,"s:28:2:28:Infinity":0,"f:31:16:31:Infinity":1,"s:34:2:53:Infinity":1,"f:39:7:39:8":2,"s:40:8:51:Infinity":2,"b:42:11:42:Infinity:43:12:49:Infinity":0,"b:45:16:45:Infinity:47:16:47:Infinity":1,"f:57:16:57:46":3,"s:63:59:64:Infinity":3,"s:66:2:79:Infinity":4,"b:72:7:72:25:72:25:72:Infinity":2,"b:73:7:73:Infinity:74:8:76:Infinity":3,"b:75:11:75:43:75:43:75:Infinity":4,"f:83:16:83:38":4,"s:90:44:90:Infinity":5,"s:92:2:111:Infinity":6,"b:98:7:98:Infinity:99:8:103:Infinity":5,"b:105:7:105:Infinity:106:8:108:Infinity":6,"f:115:16:115:44":5,"s:116:2:116:Infinity":7,"f:119:16:119:21":6,"s:120:2:121:Infinity":8}}}
,"/Users/Eva/Sites/namesake.fyi/src/components/react/common/Tabs/Tabs.tsx": {"path":"/Users/Eva/Sites/namesake.fyi/src/components/react/common/Tabs/Tabs.tsx","statementMap":{"0":{"start":{"line":16,"column":2},"end":{"line":16,"column":null}},"1":{"start":{"line":20,"column":2},"end":{"line":20,"column":null}},"2":{"start":{"line":24,"column":2},"end":{"line":32,"column":null}},"3":{"start":{"line":27,"column":8},"end":{"line":30,"column":null}},"4":{"start":{"line":37,"column":2},"end":{"line":37,"column":null}}},"fnMap":{"0":{"name":"Tabs","decl":{"start":{"line":15,"column":16},"end":{"line":15,"column":21}},"loc":{"start":{"line":15,"column":39},"end":{"line":17,"column":null}},"line":15},"1":{"name":"TabList","decl":{"start":{"line":19,"column":16},"end":{"line":19,"column":42}},"loc":{"start":{"line":19,"column":66},"end":{"line":21,"column":null}},"line":19},"2":{"name":"Tab","decl":{"start":{"line":23,"column":16},"end":{"line":23,"column":20}},"loc":{"start":{"line":23,"column":37},"end":{"line":34,"column":null}},"line":23},"3":{"name":"(anonymous_3)","decl":{"start":{"line":26,"column":42},"end":{"line":26,"column":43}},"loc":{"start":{"line":27,"column":8},"end":{"line":30,"column":null}},"line":27},"4":{"name":"TabPanel","decl":{"start":{"line":36,"column":16},"end":{"line":36,"column":25}},"loc":{"start":{"line":36,"column":47},"end":{"line":38,"column":null}},"line":36}},"branchMap":{},"s":{"0":0,"1":0,"2":0,"3":0,"4":0},"f":{"0":0,"1":0,"2":0,"3":0,"4":0},"b":{},"meta":{"lastBranch":0,"lastFunction":5,"lastStatement":5,"seen":{"f:15:16:15:21":0,"s:16:2:16:Infinity":0,"f:19:16:19:42":1,"s:20:2:20:Infinity":1,"f:23:16:23:20":2,"s:24:2:32:Infinity":2,"f:26:42:26:43":3,"s:27:8:30:Infinity":3,"f:36:16:36:25":4,"s:37:2:37:Infinity":4}}}
,"/Users/Eva/Sites/namesake.fyi/src/components/react/common/TagGroup/TagGroup.tsx": {"path":"/Users/Eva/Sites/namesake.fyi/src/components/react/common/TagGroup/TagGroup.tsx","statementMap":{"0":{"start":{"line":32,"column":2},"end":{"line":40,"column":null}},"1":{"start":{"line":50,"column":20},"end":{"line":50,"column":null}},"2":{"start":{"line":51,"column":2},"end":{"line":64,"column":null}},"3":{"start":{"line":54,"column":8},"end":{"line":62,"column":null}}},"fnMap":{"0":{"name":"TagGroup","decl":{"start":{"line":23,"column":16},"end":{"line":23,"column":43}},"loc":{"start":{"line":31,"column":21},"end":{"line":42,"column":null}},"line":31},"1":{"name":"Tag","decl":{"start":{"line":44,"column":16},"end":{"line":44,"column":20}},"loc":{"start":{"line":49,"column":3},"end":{"line":66,"column":null}},"line":49},"2":{"name":"(anonymous_2)","decl":{"start":{"line":53,"column":7},"end":{"line":53,"column":8}},"loc":{"start":{"line":54,"column":8},"end":{"line":62,"column":null}},"line":54}},"branchMap":{"0":{"loc":{"start":{"line":34,"column":7},"end":{"line":34,"column":null}},"type":"binary-expr","locations":[{"start":{"line":34,"column":7},"end":{"line":34,"column":16}},{"start":{"line":34,"column":16},"end":{"line":34,"column":null}}],"line":34},"1":{"loc":{"start":{"line":38,"column":7},"end":{"line":38,"column":null}},"type":"binary-expr","locations":[{"start":{"line":38,"column":7},"end":{"line":38,"column":22}},{"start":{"line":38,"column":22},"end":{"line":38,"column":null}}],"line":38},"2":{"loc":{"start":{"line":39,"column":7},"end":{"line":39,"column":null}},"type":"binary-expr","locations":[{"start":{"line":39,"column":7},"end":{"line":39,"column":23}},{"start":{"line":39,"column":23},"end":{"line":39,"column":null}}],"line":39},"3":{"loc":{"start":{"line":50,"column":20},"end":{"line":50,"column":null}},"type":"cond-expr","locations":[{"start":{"line":50,"column":51},"end":{"line":50,"column":62}},{"start":{"line":50,"column":62},"end":{"line":50,"column":null}}],"line":50},"4":{"loc":{"start":{"line":55,"column":11},"end":{"line":55,"column":null}},"type":"binary-expr","locations":[{"start":{"line":55,"column":11},"end":{"line":55,"column":25}},{"start":{"line":55,"column":25},"end":{"line":55,"column":null}}],"line":55},"5":{"loc":{"start":{"line":57,"column":11},"end":{"line":60,"column":null}},"type":"binary-expr","locations":[{"start":{"line":57,"column":11},"end":{"line":57,"column":null}},{"start":{"line":58,"column":12},"end":{"line":60,"column":null}}],"line":57}},"s":{"0":16,"1":64,"2":64,"3":122},"f":{"0":16,"1":64,"2":122},"b":{"0":[16,16],"1":[16,0],"2":[16,0],"3":[64,0],"4":[122,25],"5":[122,0]},"meta":{"lastBranch":6,"lastFunction":3,"lastStatement":4,"seen":{"f:23:16:23:43":0,"s:32:2:40:Infinity":0,"b:34:7:34:16:34:16:34:Infinity":0,"b:38:7:38:22:38:22:38:Infinity":1,"b:39:7:39:23:39:23:39:Infinity":2,"f:44:16:44:20":1,"s:50:20:50:Infinity":1,"b:50:51:50:62:50:62:50:Infinity":3,"s:51:2:64:Infinity":2,"f:53:7:53:8":2,"s:54:8:62:Infinity":3,"b:55:11:55:25:55:25:55:Infinity":4,"b:57:11:57:Infinity:58:12:60:Infinity":5}}}
,"/Users/Eva/Sites/namesake.fyi/src/components/react/common/TextArea/TextArea.tsx": {"path":"/Users/Eva/Sites/namesake.fyi/src/components/react/common/TextArea/TextArea.tsx","statementMap":{"0":{"start":{"line":28,"column":2},"end":{"line":34,"column":null}}},"fnMap":{"0":{"name":"TextArea","decl":{"start":{"line":20,"column":16},"end":{"line":20,"column":25}},"loc":{"start":{"line":27,"column":18},"end":{"line":36,"column":null}},"line":27}},"branchMap":{"0":{"loc":{"start":{"line":30,"column":7},"end":{"line":30,"column":null}},"type":"binary-expr","locations":[{"start":{"line":30,"column":7},"end":{"line":30,"column":16}},{"start":{"line":30,"column":16},"end":{"line":30,"column":null}}],"line":30},"1":{"loc":{"start":{"line":32,"column":7},"end":{"line":32,"column":null}},"type":"binary-expr","locations":[{"start":{"line":32,"column":7},"end":{"line":32,"column":22}},{"start":{"line":32,"column":22},"end":{"line":32,"column":null}}],"line":32}},"s":{"0":21},"f":{"0":21},"b":{"0":[21,21],"1":[21,2]},"meta":{"lastBranch":2,"lastFunction":1,"lastStatement":1,"seen":{"f:20:16:20:25":0,"s:28:2:34:Infinity":0,"b:30:7:30:16:30:16:30:Infinity":0,"b:32:7:32:22:32:22:32:Infinity":1}}}
,"/Users/Eva/Sites/namesake.fyi/src/components/react/common/TextField/TextField.tsx": {"path":"/Users/Eva/Sites/namesake.fyi/src/components/react/common/TextField/TextField.tsx","statementMap":{"0":{"start":{"line":27,"column":2},"end":{"line":36,"column":null}}},"fnMap":{"0":{"name":"TextField","decl":{"start":{"line":19,"column":16},"end":{"line":19,"column":26}},"loc":{"start":{"line":26,"column":19},"end":{"line":38,"column":null}},"line":26}},"branchMap":{"0":{"loc":{"start":{"line":34,"column":7},"end":{"line":34,"column":null}},"type":"binary-expr","locations":[{"start":{"line":34,"column":7},"end":{"line":34,"column":22}},{"start":{"line":34,"column":22},"end":{"line":34,"column":null}}],"line":34}},"s":{"0":215},"f":{"0":215},"b":{"0":[215,2]},"meta":{"lastBranch":1,"lastFunction":1,"lastStatement":1,"seen":{"f:19:16:19:26":0,"s:27:2:36:Infinity":0,"b:34:7:34:22:34:22:34:Infinity":0}}}
,"/Users/Eva/Sites/namesake.fyi/src/components/react/common/ToggleButton/ToggleButton.tsx": {"path":"/Users/Eva/Sites/namesake.fyi/src/components/react/common/ToggleButton/ToggleButton.tsx","statementMap":{"0":{"start":{"line":8,"column":2},"end":{"line":8,"column":null}}},"fnMap":{"0":{"name":"ToggleButton","decl":{"start":{"line":7,"column":16},"end":{"line":7,"column":29}},"loc":{"start":{"line":7,"column":55},"end":{"line":9,"column":null}},"line":7}},"branchMap":{},"s":{"0":0},"f":{"0":0},"b":{},"meta":{"lastBranch":0,"lastFunction":1,"lastStatement":1,"seen":{"f:7:16:7:29":0,"s:8:2:8:Infinity":0}}}
,"/Users/Eva/Sites/namesake.fyi/src/components/react/common/ToggleButtonGroup/ToggleButtonGroup.tsx": {"path":"/Users/Eva/Sites/namesake.fyi/src/components/react/common/ToggleButtonGroup/ToggleButtonGroup.tsx","statementMap":{"0":{"start":{"line":8,"column":2},"end":{"line":8,"column":null}}},"fnMap":{"0":{"name":"ToggleButtonGroup","decl":{"start":{"line":7,"column":16},"end":{"line":7,"column":34}},"loc":{"start":{"line":7,"column":65},"end":{"line":9,"column":null}},"line":7}},"branchMap":{},"s":{"0":0},"f":{"0":0},"b":{},"meta":{"lastBranch":0,"lastFunction":1,"lastStatement":1,"seen":{"f:7:16:7:34":0,"s:8:2:8:Infinity":0}}}
,"/Users/Eva/Sites/namesake.fyi/src/components/react/common/Tooltip/Tooltip.tsx": {"path":"/Users/Eva/Sites/namesake.fyi/src/components/react/common/Tooltip/Tooltip.tsx","statementMap":{"0":{"start":{"line":16,"column":2},"end":{"line":24,"column":null}},"1":{"start":{"line":29,"column":2},"end":{"line":29,"column":null}}},"fnMap":{"0":{"name":"Tooltip","decl":{"start":{"line":15,"column":16},"end":{"line":15,"column":24}},"loc":{"start":{"line":15,"column":62},"end":{"line":26,"column":null}},"line":15},"1":{"name":"TooltipTrigger","decl":{"start":{"line":28,"column":16},"end":{"line":28,"column":31}},"loc":{"start":{"line":28,"column":68},"end":{"line":30,"column":null}},"line":28}},"branchMap":{},"s":{"0":0,"1":0},"f":{"0":0,"1":0},"b":{},"meta":{"lastBranch":0,"lastFunction":2,"lastStatement":2,"seen":{"f:15:16:15:24":0,"s:16:2:24:Infinity":0,"f:28:16:28:31":1,"s:29:2:29:Infinity":1}}}
,"/Users/Eva/Sites/namesake.fyi/src/components/react/common/YouTube/YouTube.tsx": {"path":"/Users/Eva/Sites/namesake.fyi/src/components/react/common/YouTube/YouTube.tsx","statementMap":{"0":{"start":{"line":15,"column":32},"end":{"line":17,"column":null}},"1":{"start":{"line":19,"column":2},"end":{"line":25,"column":null}},"2":{"start":{"line":20,"column":22},"end":{"line":23,"column":null}},"3":{"start":{"line":21,"column":19},"end":{"line":21,"column":null}},"4":{"start":{"line":22,"column":6},"end":{"line":22,"column":null}},"5":{"start":{"line":24,"column":4},"end":{"line":24,"column":null}},"6":{"start":{"line":27,"column":2},"end":{"line":29,"column":null}},"7":{"start":{"line":28,"column":4},"end":{"line":28,"column":null}},"8":{"start":{"line":31,"column":18},"end":{"line":31,"column":null}},"9":{"start":{"line":32,"column":2},"end":{"line":32,"column":null}}},"fnMap":{"0":{"name":"YouTube","decl":{"start":{"line":14,"column":16},"end":{"line":14,"column":24}},"loc":{"start":{"line":14,"column":47},"end":{"line":33,"column":null}},"line":14},"1":{"name":"(anonymous_1)","decl":{"start":{"line":19,"column":12},"end":{"line":19,"column":18}},"loc":{"start":{"line":19,"column":18},"end":{"line":25,"column":5}},"line":19},"2":{"name":"(anonymous_2)","decl":{"start":{"line":20,"column":22},"end":{"line":20,"column":34}},"loc":{"start":{"line":20,"column":34},"end":{"line":23,"column":null}},"line":20}},"branchMap":{"0":{"loc":{"start":{"line":27,"column":2},"end":{"line":29,"column":null}},"type":"if","locations":[{"start":{"line":27,"column":2},"end":{"line":29,"column":null}},{"start":{},"end":{}}],"line":27}},"s":{"0":0,"1":0,"2":0,"3":0,"4":0,"5":0,"6":0,"7":0,"8":0,"9":0},"f":{"0":0,"1":0,"2":0},"b":{"0":[0,0]},"meta":{"lastBranch":1,"lastFunction":3,"lastStatement":10,"seen":{"f:14:16:14:24":0,"s:15:32:17:Infinity":0,"s:19:2:25:Infinity":1,"f:19:12:19:18":1,"s:20:22:23:Infinity":2,"f:20:22:20:34":2,"s:21:19:21:Infinity":3,"s:22:6:22:Infinity":4,"s:24:4:24:Infinity":5,"b:27:2:29:Infinity:undefined:undefined:undefined:undefined":0,"s:27:2:29:Infinity":6,"s:28:4:28:Infinity":7,"s:31:18:31:Infinity":8,"s:32:2:32:Infinity":9}}}
,"/Users/Eva/Sites/namesake.fyi/src/components/react/forms/test-utils.tsx": {"path":"/Users/Eva/Sites/namesake.fyi/src/components/react/forms/test-utils.tsx","statementMap":{"0":{"start":{"line":6,"column":28},"end":{"line":10,"column":null}},"1":{"start":{"line":7,"column":8},"end":{"line":7,"column":null}},"2":{"start":{"line":9,"column":2},"end":{"line":9,"column":null}},"3":{"start":{"line":12,"column":38},"end":{"line":15,"column":null}},"4":{"start":{"line":14,"column":2},"end":{"line":15,"column":null}}},"fnMap":{"0":{"name":"(anonymous_0)","decl":{"start":{"line":6,"column":28},"end":{"line":6,"column":29}},"loc":{"start":{"line":6,"column":77},"end":{"line":10,"column":null}},"line":6},"1":{"name":"(anonymous_1)","decl":{"start":{"line":12,"column":38},"end":{"line":12,"column":null}},"loc":{"start":{"line":14,"column":2},"end":{"line":15,"column":null}},"line":14}},"branchMap":{},"s":{"0":14,"1":144,"2":144,"3":14,"4":70},"f":{"0":144,"1":70},"b":{},"meta":{"lastBranch":0,"lastFunction":2,"lastStatement":5,"seen":{"s:6:28:10:Infinity":0,"f:6:28:6:29":0,"s:7:8:7:Infinity":1,"s:9:2:9:Infinity":2,"s:12:38:15:Infinity":3,"f:12:38:12:Infinity":1,"s:14:2:15:Infinity":4}}}
,"/Users/Eva/Sites/namesake.fyi/src/components/react/forms/AddressField/AddressField.tsx": {"path":"/Users/Eva/Sites/namesake.fyi/src/components/react/forms/AddressField/AddressField.tsx","statementMap":{"0":{"start":{"line":22,"column":18},"end":{"line":22,"column":null}},"1":{"start":{"line":33,"column":6},"end":{"line":48,"column":null}},"2":{"start":{"line":51,"column":41},"end":{"line":53,"column":null}},"3":{"start":{"line":55,"column":2},"end":{"line":152,"column":null}},"4":{"start":{"line":62,"column":10},"end":{"line":71,"column":null}},"5":{"start":{"line":79,"column":10},"end":{"line":87,"column":null}},"6":{"start":{"line":95,"column":10},"end":{"line":113,"column":null}},"7":{"start":{"line":102,"column":14},"end":{"line":102,"column":null}},"8":{"start":{"line":109,"column":14},"end":{"line":111,"column":null}},"9":{"start":{"line":122,"column":12},"end":{"line":127,"column":null}},"10":{"start":{"line":136,"column":10},"end":{"line":148,"column":null}},"11":{"start":{"line":141,"column":20},"end":{"line":141,"column":null}},"12":{"start":{"line":142,"column":14},"end":{"line":142,"column":null}}},"fnMap":{"0":{"name":"AddressField","decl":{"start":{"line":17,"column":16},"end":{"line":17,"column":29}},"loc":{"start":{"line":21,"column":22},"end":{"line":154,"column":null}},"line":21},"1":{"name":"(anonymous_1)","decl":{"start":{"line":61,"column":16},"end":{"line":61,"column":17}},"loc":{"start":{"line":62,"column":10},"end":{"line":71,"column":null}},"line":62},"2":{"name":"(anonymous_2)","decl":{"start":{"line":78,"column":16},"end":{"line":78,"column":17}},"loc":{"start":{"line":79,"column":10},"end":{"line":87,"column":null}},"line":79},"3":{"name":"(anonymous_3)","decl":{"start":{"line":94,"column":16},"end":{"line":94,"column":17}},"loc":{"start":{"line":95,"column":10},"end":{"line":113,"column":null}},"line":95},"4":{"name":"(anonymous_4)","decl":{"start":{"line":101,"column":31},"end":{"line":101,"column":32}},"loc":{"start":{"line":101,"column":40},"end":{"line":103,"column":null}},"line":101},"5":{"name":"(anonymous_5)","decl":{"start":{"line":108,"column":47},"end":{"line":108,"column":48}},"loc":{"start":{"line":109,"column":14},"end":{"line":111,"column":null}},"line":109},"6":{"name":"(anonymous_6)","decl":{"start":{"line":121,"column":18},"end":{"line":121,"column":19}},"loc":{"start":{"line":122,"column":12},"end":{"line":127,"column":null}},"line":122},"7":{"name":"(anonymous_7)","decl":{"start":{"line":135,"column":16},"end":{"line":135,"column":17}},"loc":{"start":{"line":136,"column":10},"end":{"line":148,"column":null}},"line":136},"8":{"name":"(anonymous_8)","decl":{"start":{"line":140,"column":22},"end":{"line":140,"column":23}},"loc":{"start":{"line":140,"column":33},"end":{"line":143,"column":null}},"line":140}},"branchMap":{"0":{"loc":{"start":{"line":20,"column":2},"end":{"line":20,"column":null}},"type":"default-arg","locations":[{"start":{"line":20,"column":18},"end":{"line":20,"column":null}}],"line":20},"1":{"loc":{"start":{"line":116,"column":7},"end":{"line":129,"column":null}},"type":"binary-expr","locations":[{"start":{"line":116,"column":7},"end":{"line":116,"column":null}},{"start":{"line":117,"column":8},"end":{"line":129,"column":null}}],"line":116}},"s":{"0":18,"1":18,"2":18,"3":18,"4":29,"5":25,"6":20,"7":2,"8":1120,"9":4,"10":28,"11":10,"12":10},"f":{"0":18,"1":29,"2":25,"3":20,"4":2,"5":1120,"6":4,"7":28,"8":10},"b":{"0":[18],"1":[18,4]},"meta":{"lastBranch":2,"lastFunction":9,"lastStatement":13,"seen":{"f:17:16:17:29":0,"b:20:18:20:Infinity":0,"s:22:18:22:Infinity":0,"s:33:6:48:Infinity":1,"s:51:41:53:Infinity":2,"s:55:2:152:Infinity":3,"f:61:16:61:17":1,"s:62:10:71:Infinity":4,"f:78:16:78:17":2,"s:79:10:87:Infinity":5,"f:94:16:94:17":3,"s:95:10:113:Infinity":6,"f:101:31:101:32":4,"s:102:14:102:Infinity":7,"f:108:47:108:48":5,"s:109:14:111:Infinity":8,"b:116:7:116:Infinity:117:8:129:Infinity":1,"f:121:18:121:19":6,"s:122:12:127:Infinity":9,"f:135:16:135:17":7,"s:136:10:148:Infinity":10,"f:140:22:140:23":8,"s:141:20:141:Infinity":11,"s:142:14:142:Infinity":12}}}
,"/Users/Eva/Sites/namesake.fyi/src/components/react/forms/CheckboxField/CheckboxField.tsx": {"path":"/Users/Eva/Sites/namesake.fyi/src/components/react/forms/CheckboxField/CheckboxField.tsx","statementMap":{"0":{"start":{"line":24,"column":28},"end":{"line":24,"column":null}},"1":{"start":{"line":26,"column":2},"end":{"line":49,"column":null}},"2":{"start":{"line":33,"column":10},"end":{"line":45,"column":null}},"3":{"start":{"line":37,"column":14},"end":{"line":37,"column":null}},"4":{"start":{"line":38,"column":14},"end":{"line":38,"column":null}}},"fnMap":{"0":{"name":"CheckboxField","decl":{"start":{"line":17,"column":16},"end":{"line":17,"column":30}},"loc":{"start":{"line":23,"column":23},"end":{"line":51,"column":null}},"line":23},"1":{"name":"(anonymous_1)","decl":{"start":{"line":32,"column":16},"end":{"line":32,"column":17}},"loc":{"start":{"line":33,"column":10},"end":{"line":45,"column":null}},"line":33},"2":{"name":"(anonymous_2)","decl":{"start":{"line":36,"column":22},"end":{"line":36,"column":23}},"loc":{"start":{"line":36,"column":38},"end":{"line":39,"column":null}},"line":36}},"branchMap":{"0":{"loc":{"start":{"line":31,"column":22},"end":{"line":31,"column":null}},"type":"binary-expr","locations":[{"start":{"line":31,"column":22},"end":{"line":31,"column":38}},{"start":{"line":31,"column":38},"end":{"line":31,"column":null}}],"line":31}},"s":{"0":6,"1":6,"2":7,"3":1,"4":1},"f":{"0":6,"1":7,"2":1},"b":{"0":[6,6]},"meta":{"lastBranch":1,"lastFunction":3,"lastStatement":5,"seen":{"f:17:16:17:30":0,"s:24:28:24:Infinity":0,"s:26:2:49:Infinity":1,"b:31:22:31:38:31:38:31:Infinity":0,"f:32:16:32:17":1,"s:33:10:45:Infinity":2,"f:36:22:36:23":2,"s:37:14:37:Infinity":3,"s:38:14:38:Infinity":4}}}
,"/Users/Eva/Sites/namesake.fyi/src/components/react/forms/CheckboxGroupField/CheckboxGroupField.tsx": {"path":"/Users/Eva/Sites/namesake.fyi/src/components/react/forms/CheckboxGroupField/CheckboxGroupField.tsx","statementMap":{"0":{"start":{"line":37,"column":28},"end":{"line":37,"column":null}},"1":{"start":{"line":39,"column":34},"end":{"line":44,"column":null}},"2":{"start":{"line":40,"column":4},"end":{"line":43,"column":null}},"3":{"start":{"line":42,"column":6},"end":{"line":42,"column":null}},"4":{"start":{"line":46,"column":2},"end":{"line":89,"column":null}},"5":{"start":{"line":53,"column":31},"end":{"line":53,"column":null}},"6":{"start":{"line":55,"column":12},"end":{"line":55,"column":null}},"7":{"start":{"line":57,"column":10},"end":{"line":84,"column":null}},"8":{"start":{"line":65,"column":16},"end":{"line":65,"column":null}},"9":{"start":{"line":66,"column":16},"end":{"line":66,"column":null}},"10":{"start":{"line":71,"column":16},"end":{"line":76,"column":null}}},"fnMap":{"0":{"name":"CheckboxGroupField","decl":{"start":{"line":28,"column":16},"end":{"line":28,"column":35}},"loc":{"start":{"line":36,"column":28},"end":{"line":91,"column":null}},"line":36},"1":{"name":"(anonymous_1)","decl":{"start":{"line":39,"column":34},"end":{"line":39,"column":35}},"loc":{"start":{"line":39,"column":55},"end":{"line":44,"column":null}},"line":39},"2":{"name":"(anonymous_2)","decl":{"start":{"line":52,"column":16},"end":{"line":52,"column":17}},"loc":{"start":{"line":52,"column":63},"end":{"line":86,"column":null}},"line":52},"3":{"name":"(anonymous_3)","decl":{"start":{"line":64,"column":24},"end":{"line":64,"column":25}},"loc":{"start":{"line":64,"column":35},"end":{"line":67,"column":null}},"line":64},"4":{"name":"(anonymous_4)","decl":{"start":{"line":70,"column":28},"end":{"line":70,"column":29}},"loc":{"start":{"line":71,"column":16},"end":{"line":76,"column":null}},"line":71}},"branchMap":{"0":{"loc":{"start":{"line":40,"column":4},"end":{"line":43,"column":null}},"type":"if","locations":[{"start":{"line":40,"column":4},"end":{"line":43,"column":null}},{"start":{},"end":{}}],"line":40},"1":{"loc":{"start":{"line":53,"column":31},"end":{"line":53,"column":null}},"type":"binary-expr","locations":[{"start":{"line":53,"column":31},"end":{"line":53,"column":46}},{"start":{"line":53,"column":46},"end":{"line":53,"column":null}}],"line":53},"2":{"loc":{"start":{"line":60,"column":21},"end":{"line":60,"column":null}},"type":"cond-expr","locations":[{"start":{"line":60,"column":22},"end":{"line":60,"column":57}},{"start":{"line":60,"column":57},"end":{"line":60,"column":null}}],"line":60},"3":{"loc":{"start":{"line":61,"column":26},"end":{"line":61,"column":null}},"type":"cond-expr","locations":[{"start":{"line":61,"column":40},"end":{"line":61,"column":48}},{"start":{"line":61,"column":48},"end":{"line":61,"column":null}}],"line":61},"4":{"loc":{"start":{"line":78,"column":15},"end":{"line":82,"column":null}},"type":"binary-expr","locations":[{"start":{"line":78,"column":15},"end":{"line":78,"column":null}},{"start":{"line":79,"column":16},"end":{"line":82,"column":null}}],"line":78}},"s":{"0":12,"1":12,"2":3,"3":1,"4":12,"5":15,"6":15,"7":15,"8":3,"9":3,"10":45},"f":{"0":12,"1":3,"2":15,"3":3,"4":45},"b":{"0":[1,2],"1":[15,0],"2":[15,0],"3":[0,15],"4":[15,6]},"meta":{"lastBranch":5,"lastFunction":5,"lastStatement":11,"seen":{"f:28:16:28:35":0,"s:37:28:37:Infinity":0,"s:39:34:44:Infinity":1,"f:39:34:39:35":1,"b:40:4:43:Infinity:undefined:undefined:undefined:undefined":0,"s:40:4:43:Infinity":2,"s:42:6:42:Infinity":3,"s:46:2:89:Infinity":4,"f:52:16:52:17":2,"s:53:31:53:Infinity":5,"b:53:31:53:46:53:46:53:Infinity":1,"s:55:12:55:Infinity":6,"s:57:10:84:Infinity":7,"b:60:22:60:57:60:57:60:Infinity":2,"b:61:40:61:48:61:48:61:Infinity":3,"f:64:24:64:25":3,"s:65:16:65:Infinity":8,"s:66:16:66:Infinity":9,"f:70:28:70:29":4,"s:71:16:76:Infinity":10,"b:78:15:78:Infinity:79:16:82:Infinity":4}}}
,"/Users/Eva/Sites/namesake.fyi/src/components/react/forms/ComboBoxField/ComboBoxField.tsx": {"path":"/Users/Eva/Sites/namesake.fyi/src/components/react/forms/ComboBoxField/ComboBoxField.tsx","statementMap":{"0":{"start":{"line":28,"column":18},"end":{"line":28,"column":null}},"1":{"start":{"line":30,"column":2},"end":{"line":58,"column":null}},"2":{"start":{"line":37,"column":10},"end":{"line":54,"column":null}},"3":{"start":{"line":43,"column":14},"end":{"line":43,"column":null}},"4":{"start":{"line":50,"column":14},"end":{"line":52,"column":null}}},"fnMap":{"0":{"name":"ComboBoxField","decl":{"start":{"line":19,"column":16},"end":{"line":19,"column":30}},"loc":{"start":{"line":27,"column":23},"end":{"line":60,"column":null}},"line":27},"1":{"name":"(anonymous_1)","decl":{"start":{"line":36,"column":16},"end":{"line":36,"column":17}},"loc":{"start":{"line":37,"column":10},"end":{"line":54,"column":null}},"line":37},"2":{"name":"(anonymous_2)","decl":{"start":{"line":42,"column":31},"end":{"line":42,"column":32}},"loc":{"start":{"line":42,"column":40},"end":{"line":44,"column":null}},"line":42},"3":{"name":"(anonymous_3)","decl":{"start":{"line":49,"column":25},"end":{"line":49,"column":26}},"loc":{"start":{"line":50,"column":14},"end":{"line":52,"column":null}},"line":50}},"branchMap":{"0":{"loc":{"start":{"line":35,"column":22},"end":{"line":35,"column":null}},"type":"binary-expr","locations":[{"start":{"line":35,"column":22},"end":{"line":35,"column":38}},{"start":{"line":35,"column":38},"end":{"line":35,"column":null}}],"line":35}},"s":{"0":8,"1":8,"2":9,"3":1,"4":27},"f":{"0":8,"1":9,"2":1,"3":27},"b":{"0":[8,8]},"meta":{"lastBranch":1,"lastFunction":4,"lastStatement":5,"seen":{"f:19:16:19:30":0,"s:28:18:28:Infinity":0,"s:30:2:58:Infinity":1,"b:35:22:35:38:35:38:35:Infinity":0,"f:36:16:36:17":1,"s:37:10:54:Infinity":2,"f:42:31:42:32":2,"s:43:14:43:Infinity":3,"f:49:25:49:26":3,"s:50:14:52:Infinity":4}}}
,"/Users/Eva/Sites/namesake.fyi/src/components/react/forms/Costs/Costs.tsx": {"path":"/Users/Eva/Sites/namesake.fyi/src/components/react/forms/Costs/Costs.tsx","statementMap":{"0":{"start":{"line":10,"column":2},"end":{"line":12,"column":null}},"1":{"start":{"line":11,"column":4},"end":{"line":11,"column":null}},"2":{"start":{"line":14,"column":8},"end":{"line":14,"column":null}},"3":{"start":{"line":16,"column":2},"end":{"line":41,"column":null}},"4":{"start":{"line":26,"column":10},"end":{"line":32,"column":null}}},"fnMap":{"0":{"name":"Costs","decl":{"start":{"line":9,"column":16},"end":{"line":9,"column":22}},"loc":{"start":{"line":9,"column":45},"end":{"line":43,"column":null}},"line":9},"1":{"name":"(anonymous_1)","decl":{"start":{"line":25,"column":19},"end":{"line":25,"column":20}},"loc":{"start":{"line":26,"column":10},"end":{"line":32,"column":null}},"line":26}},"branchMap":{"0":{"loc":{"start":{"line":10,"column":2},"end":{"line":12,"column":null}},"type":"if","locations":[{"start":{"line":10,"column":2},"end":{"line":12,"column":null}},{"start":{},"end":{}}],"line":10},"1":{"loc":{"start":{"line":10,"column":6},"end":{"line":10,"column":36}},"type":"binary-expr","locations":[{"start":{"line":10,"column":6},"end":{"line":10,"column":16}},{"start":{"line":10,"column":16},"end":{"line":10,"column":36}}],"line":10},"2":{"loc":{"start":{"line":29,"column":15},"end":{"line":29,"column":null}},"type":"binary-expr","locations":[{"start":{"line":29,"column":15},"end":{"line":29,"column":50}},{"start":{"line":29,"column":50},"end":{"line":29,"column":null}}],"line":29}},"s":{"0":0,"1":0,"2":0,"3":0,"4":0},"f":{"0":0,"1":0},"b":{"0":[0,0],"1":[0,0],"2":[0,0]},"meta":{"lastBranch":3,"lastFunction":2,"lastStatement":5,"seen":{"f:9:16:9:22":0,"b:10:2:12:Infinity:undefined:undefined:undefined:undefined":0,"s:10:2:12:Infinity":0,"b:10:6:10:16:10:16:10:36":1,"s:11:4:11:Infinity":1,"s:14:8:14:Infinity":2,"s:16:2:41:Infinity":3,"f:25:19:25:20":1,"s:26:10:32:Infinity":4,"b:29:15:29:50:29:50:29:Infinity":2}}}
[...]
,"/Users/Eva/Sites/namesake.fyi/src/utils/formatTimeEstimate.ts": {"path":"/Users/Eva/Sites/namesake.fyi/src/utils/formatTimeEstimate.ts","statementMap":{"0":{"start":{"line":13,"column":21},"end":{"line":13,"column":null}},"1":{"start":{"line":14,"column":21},"end":{"line":14,"column":null}},"2":{"start":{"line":17,"column":2},"end":{"line":19,"column":null}},"3":{"start":{"line":18,"column":4},"end":{"line":18,"column":null}},"4":{"start":{"line":22,"column":2},"end":{"line":22,"column":null}}},"fnMap":{"0":{"name":"formatTimeEstimate","decl":{"start":{"line":8,"column":16},"end":{"line":8,"column":null}},"loc":{"start":{"line":12,"column":10},"end":{"line":23,"column":null}},"line":12}},"branchMap":{"0":{"loc":{"start":{"line":10,"column":2},"end":{"line":10,"column":null}},"type":"default-arg","locations":[{"start":{"line":10,"column":22},"end":{"line":10,"column":null}}],"line":10},"1":{"loc":{"start":{"line":11,"column":2},"end":{"line":11,"column":null}},"type":"default-arg","locations":[{"start":{"line":11,"column":22},"end":{"line":11,"column":null}}],"line":11},"2":{"loc":{"start":{"line":17,"column":2},"end":{"line":19,"column":null}},"type":"if","locations":[{"start":{"line":17,"column":2},"end":{"line":19,"column":null}},{"start":{},"end":{}}],"line":17},"3":{"loc":{"start":{"line":18,"column":34},"end":{"line":18,"column":61}},"type":"cond-expr","locations":[{"start":{"line":18,"column":53},"end":{"line":18,"column":59}},{"start":{"line":18,"column":59},"end":{"line":18,"column":61}}],"line":18}},"s":{"0":32,"1":32,"2":32,"3":14,"4":18},"f":{"0":32},"b":{"0":[32],"1":[32],"2":[14,18],"3":[10,4]},"meta":{"lastBranch":4,"lastFunction":1,"lastStatement":5,"seen":{"f:8:16:8:Infinity":0,"b:10:22:10:Infinity":0,"b:11:22:11:Infinity":1,"s:13:21:13:Infinity":0,"s:14:21:14:Infinity":1,"b:17:2:19:Infinity:undefined:undefined:undefined:undefined":2,"s:17:2:19:Infinity":2,"s:18:4:18:Infinity":3,"b:18:53:18:59:18:59:18:61":3,"s:22:2:22:Infinity":4}}}
,"/Users/Eva/Sites/namesake.fyi/src/utils/formatTotalCosts.ts": {"path":"/Users/Eva/Sites/namesake.fyi/src/utils/formatTotalCosts.ts","statementMap":{"0":{"start":{"line":7,"column":32},"end":{"line":32,"column":null}},"1":{"start":{"line":8,"column":2},"end":{"line":8,"column":null}},"2":{"start":{"line":8,"column":36},"end":{"line":8,"column":null}},"3":{"start":{"line":10,"column":25},"end":{"line":15,"column":null}},"4":{"start":{"line":11,"column":4},"end":{"line":15,"column":null}},"5":{"start":{"line":17,"column":24},"end":{"line":19,"column":null}},"6":{"start":{"line":18,"column":22},"end":{"line":18,"column":53}},"7":{"start":{"line":19,"column":27},"end":{"line":19,"column":46}},"8":{"start":{"line":21,"column":28},"end":{"line":21,"column":null}},"9":{"start":{"line":21,"column":56},"end":{"line":21,"column":75}},"10":{"start":{"line":23,"column":2},"end":{"line":25,"column":null}},"11":{"start":{"line":24,"column":4},"end":{"line":24,"column":null}},"12":{"start":{"line":27,"column":2},"end":{"line":29,"column":null}},"13":{"start":{"line":28,"column":4},"end":{"line":28,"column":null}},"14":{"start":{"line":31,"column":2},"end":{"line":31,"column":null}}},"fnMap":{"0":{"name":"(anonymous_0)","decl":{"start":{"line":7,"column":32},"end":{"line":7,"column":33}},"loc":{"start":{"line":7,"column":52},"end":{"line":32,"column":null}},"line":7},"1":{"name":"(anonymous_1)","decl":{"start":{"line":10,"column":25},"end":{"line":10,"column":26}},"loc":{"start":{"line":11,"column":4},"end":{"line":15,"column":null}},"line":11},"2":{"name":"(anonymous_2)","decl":{"start":{"line":18,"column":12},"end":{"line":18,"column":13}},"loc":{"start":{"line":18,"column":22},"end":{"line":18,"column":53}},"line":18},"3":{"name":"(anonymous_3)","decl":{"start":{"line":19,"column":12},"end":{"line":19,"column":13}},"loc":{"start":{"line":19,"column":27},"end":{"line":19,"column":46}},"line":19},"4":{"name":"(anonymous_4)","decl":{"start":{"line":21,"column":41},"end":{"line":21,"column":42}},"loc":{"start":{"line":21,"column":56},"end":{"line":21,"column":75}},"line":21}},"branchMap":{"0":{"loc":{"start":{"line":8,"column":2},"end":{"line":8,"column":null}},"type":"if","locations":[{"start":{"line":8,"column":2},"end":{"line":8,"column":null}},{"start":{},"end":{}}],"line":8},"1":{"loc":{"start":{"line":8,"column":6},"end":{"line":8,"column":36}},"type":"binary-expr","locations":[{"start":{"line":8,"column":6},"end":{"line":8,"column":16}},{"start":{"line":8,"column":16},"end":{"line":8,"column":36}}],"line":8},"2":{"loc":{"start":{"line":23,"column":2},"end":{"line":25,"column":null}},"type":"if","locations":[{"start":{"line":23,"column":2},"end":{"line":25,"column":null}},{"start":{},"end":{}}],"line":23},"3":{"loc":{"start":{"line":27,"column":2},"end":{"line":29,"column":null}},"type":"if","locations":[{"start":{"line":27,"column":2},"end":{"line":29,"column":null}},{"start":{},"end":{}}],"line":27}},"s":{"0":1,"1":7,"2":2,"3":5,"4":7,"5":5,"6":10,"7":6,"8":5,"9":10,"10":5,"11":1,"12":4,"13":1,"14":3},"f":{"0":7,"1":7,"2":10,"3":6,"4":10},"b":{"0":[2,5],"1":[7,6],"2":[1,4],"3":[1,3]},"meta":{"lastBranch":4,"lastFunction":5,"lastStatement":15,"seen":{"s:7:32:32:Infinity":0,"f:7:32:7:33":0,"b:8:2:8:Infinity:undefined:undefined:undefined:undefined":0,"s:8:2:8:Infinity":1,"b:8:6:8:16:8:16:8:36":1,"s:8:36:8:Infinity":2,"s:10:25:15:Infinity":3,"f:10:25:10:26":1,"s:11:4:15:Infinity":4,"s:17:24:19:Infinity":5,"f:18:12:18:13":2,"s:18:22:18:53":6,"f:19:12:19:13":3,"s:19:27:19:46":7,"s:21:28:21:Infinity":8,"f:21:41:21:42":4,"s:21:56:21:75":9,"b:23:2:25:Infinity:undefined:undefined:undefined:undefined":2,"s:23:2:25:Infinity":10,"s:24:4:24:Infinity":11,"b:27:2:29:Infinity:undefined:undefined:undefined:undefined":3,"s:27:2:29:Infinity":12,"s:28:4:28:Infinity":13,"s:31:2:31:Infinity":14}}}
,"/Users/Eva/Sites/namesake.fyi/src/utils/getFormPdfMetadata.ts": {"path":"/Users/Eva/Sites/namesake.fyi/src/utils/getFormPdfMetadata.ts","statementMap":{"0":{"start":{"line":29,"column":8},"end":{"line":29,"column":null}},"1":{"start":{"line":30,"column":2},"end":{"line":30,"column":null}},"2":{"start":{"line":30,"column":15},"end":{"line":30,"column":null}},"3":{"start":{"line":32,"column":2},"end":{"line":42,"column":null}},"4":{"start":{"line":34,"column":25},"end":{"line":34,"column":null}},"5":{"start":{"line":35,"column":6},"end":{"line":40,"column":null}}},"fnMap":{"0":{"name":"getFormPdfMetadata","decl":{"start":{"line":26,"column":22},"end":{"line":26,"column":null}},"loc":{"start":{"line":28,"column":30},"end":{"line":43,"column":null}},"line":28},"1":{"name":"(anonymous_1)","decl":{"start":{"line":33,"column":20},"end":{"line":33,"column":27}},"loc":{"start":{"line":33,"column":35},"end":{"line":41,"column":5}},"line":33}},"branchMap":{"0":{"loc":{"start":{"line":30,"column":2},"end":{"line":30,"column":null}},"type":"if","locations":[{"start":{"line":30,"column":2},"end":{"line":30,"column":null}},{"start":{},"end":{}}],"line":30}},"s":{"0":0,"1":0,"2":0,"3":0,"4":0,"5":0},"f":{"0":0,"1":0},"b":{"0":[0,0]},"meta":{"lastBranch":1,"lastFunction":2,"lastStatement":6,"seen":{"f:26:22:26:Infinity":0,"s:29:8:29:Infinity":0,"b:30:2:30:Infinity:undefined:undefined:undefined:undefined":0,"s:30:2:30:Infinity":1,"s:30:15:30:Infinity":2,"s:32:2:42:Infinity":3,"f:33:20:33:27":1,"s:34:25:34:Infinity":4,"s:35:6:40:Infinity":5}}}
,"/Users/Eva/Sites/namesake.fyi/src/utils/joinNames.ts": {"path":"/Users/Eva/Sites/namesake.fyi/src/utils/joinNames.ts","statementMap":{"0":{"start":{"line":1,"column":25},"end":{"line":3,"column":null}},"1":{"start":{"line":2,"column":2},"end":{"line":2,"column":null}}},"fnMap":{"0":{"name":"(anonymous_0)","decl":{"start":{"line":1,"column":25},"end":{"line":1,"column":26}},"loc":{"start":{"line":1,"column":77},"end":{"line":3,"column":null}},"line":1}},"branchMap":{},"s":{"0":5,"1":21},"f":{"0":21},"b":{},"meta":{"lastBranch":0,"lastFunction":1,"lastStatement":2,"seen":{"s:1:25:3:Infinity":0,"f:1:25:1:26":0,"s:2:2:2:Infinity":1}}}
,"/Users/Eva/Sites/namesake.fyi/src/utils/joinPronouns.ts": {"path":"/Users/Eva/Sites/namesake.fyi/src/utils/joinPronouns.ts","statementMap":{"0":{"start":{"line":1,"column":28},"end":{"line":4,"column":null}},"1":{"start":{"line":2,"column":22},"end":{"line":2,"column":null}},"2":{"start":{"line":3,"column":2},"end":{"line":3,"column":null}}},"fnMap":{"0":{"name":"(anonymous_0)","decl":{"start":{"line":1,"column":28},"end":{"line":1,"column":29}},"loc":{"start":{"line":1,"column":77},"end":{"line":4,"column":null}},"line":1}},"branchMap":{"0":{"loc":{"start":{"line":2,"column":22},"end":{"line":2,"column":null}},"type":"cond-expr","locations":[{"start":{"line":2,"column":48},"end":{"line":2,"column":59}},{"start":{"line":2,"column":59},"end":{"line":2,"column":null}}],"line":2}},"s":{"0":2,"1":9,"2":9},"f":{"0":9},"b":{"0":[6,3]},"meta":{"lastBranch":1,"lastFunction":1,"lastStatement":3,"seen":{"s:1:28:4:Infinity":0,"f:1:28:1:29":0,"s:2:22:2:Infinity":1,"b:2:48:2:59:2:59:2:Infinity":0,"s:3:2:3:Infinity":2}}}
,"/Users/Eva/Sites/namesake.fyi/src/utils/slugify.ts": {"path":"/Users/Eva/Sites/namesake.fyi/src/utils/slugify.ts","statementMap":{"0":{"start":{"line":9,"column":23},"end":{"line":9,"column":null}},"1":{"start":{"line":11,"column":2},"end":{"line":11,"column":null}},"2":{"start":{"line":13,"column":2},"end":{"line":13,"column":null}},"3":{"start":{"line":15,"column":2},"end":{"line":15,"column":null}},"4":{"start":{"line":17,"column":2},"end":{"line":17,"column":null}},"5":{"start":{"line":19,"column":2},"end":{"line":19,"column":null}},"6":{"start":{"line":21,"column":2},"end":{"line":21,"column":null}}},"fnMap":{"0":{"name":"slugify","decl":{"start":{"line":8,"column":16},"end":{"line":8,"column":24}},"loc":{"start":{"line":8,"column":39},"end":{"line":22,"column":null}},"line":8}},"branchMap":{},"s":{"0":36,"1":36,"2":36,"3":36,"4":36,"5":36,"6":36},"f":{"0":36},"b":{},"meta":{"lastBranch":0,"lastFunction":1,"lastStatement":7,"seen":{"f:8:16:8:24":0,"s:9:23:9:Infinity":0,"s:11:2:11:Infinity":1,"s:13:2:13:Infinity":2,"s:15:2:15:Infinity":3,"s:17:2:17:Infinity":4,"s:19:2:19:Infinity":5,"s:21:2:21:Infinity":6}}}
,"/Users/Eva/Sites/namesake.fyi/src/utils/smartquotes.ts": {"path":"/Users/Eva/Sites/namesake.fyi/src/utils/smartquotes.ts","statementMap":{"0":{"start":{"line":1,"column":27},"end":{"line":9,"column":null}},"1":{"start":{"line":2,"column":2},"end":{"line":8,"column":null}}},"fnMap":{"0":{"name":"(anonymous_0)","decl":{"start":{"line":1,"column":27},"end":{"line":1,"column":28}},"loc":{"start":{"line":1,"column":44},"end":{"line":9,"column":null}},"line":1}},"branchMap":{},"s":{"0":15,"1":308},"f":{"0":308},"b":{},"meta":{"lastBranch":0,"lastFunction":1,"lastStatement":2,"seen":{"s:1:27:9:Infinity":0,"f:1:27:1:28":0,"s:2:2:8:Infinity":1}}}
,"/Users/Eva/Sites/namesake.fyi/src/utils/useForm.ts": {"path":"/Users/Eva/Sites/namesake.fyi/src/utils/useForm.ts","statementMap":{"0":{"start":{"line":16,"column":38},"end":{"line":16,"column":null}},"1":{"start":{"line":17,"column":32},"end":{"line":17,"column":null}},"2":{"start":{"line":19,"column":8},"end":{"line":19,"column":null}},"3":{"start":{"line":19,"column":35},"end":{"line":19,"column":60}},"4":{"start":{"line":21,"column":8},"end":{"line":24,"column":null}},"5":{"start":{"line":27,"column":2},"end":{"line":49,"column":null}},"6":{"start":{"line":28,"column":26},"end":{"line":46,"column":null}},"7":{"start":{"line":29,"column":6},"end":{"line":45,"column":null}},"8":{"start":{"line":30,"column":28},"end":{"line":30,"column":null}},"9":{"start":{"line":32,"column":8},"end":{"line":40,"column":null}},"10":{"start":{"line":33,"column":10},"end":{"line":39,"column":null}},"11":{"start":{"line":42,"column":8},"end":{"line":42,"column":null}},"12":{"start":{"line":44,"column":8},"end":{"line":44,"column":null}},"13":{"start":{"line":48,"column":4},"end":{"line":48,"column":null}},"14":{"start":{"line":52,"column":2},"end":{"line":73,"column":null}},"15":{"start":{"line":53,"column":25},"end":{"line":70,"column":null}},"16":{"start":{"line":54,"column":6},"end":{"line":54,"column":null}},"17":{"start":{"line":54,"column":46},"end":{"line":54,"column":null}},"18":{"start":{"line":56,"column":25},"end":{"line":56,"column":null}},"19":{"start":{"line":59,"column":6},"end":{"line":69,"column":null}},"20":{"start":{"line":64,"column":8},"end":{"line":68,"column":null}},"21":{"start":{"line":65,"column":10},"end":{"line":65,"column":null}},"22":{"start":{"line":67,"column":10},"end":{"line":67,"column":null}},"23":{"start":{"line":72,"column":4},"end":{"line":72,"column":null}},"24":{"start":{"line":72,"column":17},"end":{"line":72,"column":null}},"25":{"start":{"line":75,"column":19},"end":{"line":92,"column":null}},"26":{"start":{"line":76,"column":4},"end":{"line":91,"column":null}},"27":{"start":{"line":77,"column":6},"end":{"line":77,"column":null}},"28":{"start":{"line":79,"column":22},"end":{"line":81,"column":null}},"29":{"start":{"line":80,"column":24},"end":{"line":80,"column":null}},"30":{"start":{"line":83,"column":6},"end":{"line":85,"column":null}},"31":{"start":{"line":84,"column":8},"end":{"line":84,"column":null}},"32":{"start":{"line":87,"column":6},"end":{"line":87,"column":null}},"33":{"start":{"line":88,"column":6},"end":{"line":88,"column":null}},"34":{"start":{"line":90,"column":6},"end":{"line":90,"column":null}},"35":{"start":{"line":94,"column":2},"end":{"line":99,"column":null}}},"fnMap":{"0":{"name":"useForm","decl":{"start":{"line":12,"column":16},"end":{"line":12,"column":null}},"loc":{"start":{"line":15,"column":2},"end":{"line":100,"column":null}},"line":15},"1":{"name":"(anonymous_1)","decl":{"start":{"line":19,"column":29},"end":{"line":19,"column":35}},"loc":{"start":{"line":19,"column":35},"end":{"line":19,"column":60}},"line":19},"2":{"name":"(anonymous_2)","decl":{"start":{"line":27,"column":12},"end":{"line":27,"column":18}},"loc":{"start":{"line":27,"column":18},"end":{"line":49,"column":5}},"line":27},"3":{"name":"(anonymous_3)","decl":{"start":{"line":28,"column":26},"end":{"line":28,"column":38}},"loc":{"start":{"line":28,"column":38},"end":{"line":46,"column":null}},"line":28},"4":{"name":"(anonymous_4)","decl":{"start":{"line":52,"column":12},"end":{"line":52,"column":18}},"loc":{"start":{"line":52,"column":18},"end":{"line":73,"column":5}},"line":52},"5":{"name":"(anonymous_5)","decl":{"start":{"line":53,"column":36},"end":{"line":53,"column":43}},"loc":{"start":{"line":53,"column":63},"end":{"line":70,"column":5}},"line":53},"6":{"name":"(anonymous_6)","decl":{"start":{"line":72,"column":11},"end":{"line":72,"column":17}},"loc":{"start":{"line":72,"column":17},"end":{"line":72,"column":null}},"line":72},"7":{"name":"(anonymous_7)","decl":{"start":{"line":75,"column":37},"end":{"line":75,"column":44}},"loc":{"start":{"line":75,"column":53},"end":{"line":92,"column":3}},"line":75},"8":{"name":"(anonymous_8)","decl":{"start":{"line":80,"column":8},"end":{"line":80,"column":9}},"loc":{"start":{"line":80,"column":24},"end":{"line":80,"column":null}},"line":80}},"branchMap":{"0":{"loc":{"start":{"line":54,"column":6},"end":{"line":54,"column":null}},"type":"if","locations":[{"start":{"line":54,"column":6},"end":{"line":54,"column":null}},{"start":{},"end":{}}],"line":54},"1":{"loc":{"start":{"line":54,"column":10},"end":{"line":54,"column":46}},"type":"binary-expr","locations":[{"start":{"line":54,"column":10},"end":{"line":54,"column":19}},{"start":{"line":54,"column":19},"end":{"line":54,"column":35}},{"start":{"line":54,"column":35},"end":{"line":54,"column":46}}],"line":54},"2":{"loc":{"start":{"line":59,"column":6},"end":{"line":69,"column":null}},"type":"if","locations":[{"start":{"line":59,"column":6},"end":{"line":69,"column":null}},{"start":{},"end":{}}],"line":59},"3":{"loc":{"start":{"line":60,"column":8},"end":{"line":62,"column":null}},"type":"binary-expr","locations":[{"start":{"line":60,"column":8},"end":{"line":60,"column":null}},{"start":{"line":61,"column":8},"end":{"line":61,"column":null}},{"start":{"line":62,"column":8},"end":{"line":62,"column":null}}],"line":60},"4":{"loc":{"start":{"line":80,"column":24},"end":{"line":80,"column":null}},"type":"binary-expr","locations":[{"start":{"line":80,"column":24},"end":{"line":80,"column":40}},{"start":{"line":80,"column":40},"end":{"line":80,"column":58}},{"start":{"line":80,"column":58},"end":{"line":80,"column":null}}],"line":80}},"s":{"0":0,"1":0,"2":0,"3":0,"4":0,"5":0,"6":0,"7":0,"8":0,"9":0,"10":0,"11":0,"12":0,"13":0,"14":0,"15":0,"16":0,"17":0,"18":0,"19":0,"20":0,"21":0,"22":0,"23":0,"24":0,"25":0,"26":0,"27":0,"28":0,"29":0,"30":0,"31":0,"32":0,"33":0,"34":0,"35":0},"f":{"0":0,"1":0,"2":0,"3":0,"4":0,"5":0,"6":0,"7":0,"8":0},"b":{"0":[0,0],"1":[0,0,0],"2":[0,0],"3":[0,0,0],"4":[0,0,0]},"meta":{"lastBranch":5,"lastFunction":9,"lastStatement":36,"seen":{"f:12:16:12:Infinity":0,"s:16:38:16:Infinity":0,"s:17:32:17:Infinity":1,"s:19:8:19:Infinity":2,"f:19:29:19:35":1,"s:19:35:19:60":3,"s:21:8:24:Infinity":4,"s:27:2:49:Infinity":5,"f:27:12:27:18":2,"s:28:26:46:Infinity":6,"f:28:26:28:38":3,"s:29:6:45:Infinity":7,"s:30:28:30:Infinity":8,"s:32:8:40:Infinity":9,"s:33:10:39:Infinity":10,"s:42:8:42:Infinity":11,"s:44:8:44:Infinity":12,"s:48:4:48:Infinity":13,"s:52:2:73:Infinity":14,"f:52:12:52:18":4,"s:53:25:70:Infinity":15,"f:53:36:53:43":5,"b:54:6:54:Infinity:undefined:undefined:undefined:undefined":0,"s:54:6:54:Infinity":16,"b:54:10:54:19:54:19:54:35:54:35:54:46":1,"s:54:46:54:Infinity":17,"s:56:25:56:Infinity":18,"b:59:6:69:Infinity:undefined:undefined:undefined:undefined":2,"s:59:6:69:Infinity":19,"b:60:8:60:Infinity:61:8:61:Infinity:62:8:62:Infinity":3,"s:64:8:68:Infinity":20,"s:65:10:65:Infinity":21,"s:67:10:67:Infinity":22,"s:72:4:72:Infinity":23,"f:72:11:72:17":6,"s:72:17:72:Infinity":24,"s:75:19:92:Infinity":25,"f:75:37:75:44":7,"s:76:4:91:Infinity":26,"s:77:6:77:Infinity":27,"s:79:22:81:Infinity":28,"f:80:8:80:9":8,"s:80:24:80:Infinity":29,"b:80:24:80:40:80:40:80:58:80:58:80:Infinity":4,"s:83:6:85:Infinity":30,"s:84:8:84:Infinity":31,"s:87:6:87:Infinity":32,"s:88:6:88:Infinity":33,"s:90:6:90:Infinity":34,"s:94:2:99:Infinity":35}}}
}
